=== Execução Python iniciada em 2025-10-08 12:16:05 ===
/opt/hostedtoolcache/Python/3.11.13/x64/lib/python3.11/site-packages/openpyxl/styles/stylesheet.py:241: UserWarning: Workbook contains no default style, apply openpyxl's default
  warn("Workbook contains no default style, apply openpyxl's default")
/opt/hostedtoolcache/Python/3.11.13/x64/lib/python3.11/site-packages/openpyxl/styles/stylesheet.py:241: UserWarning: Workbook contains no default style, apply openpyxl's default
  warn("Workbook contains no default style, apply openpyxl's default")
✅ Bibliotecas carregadas
ℹ️ Data de início da atualização definida para: 2025-10-01

⏳ Passo 1: A extrair dados de futuros do ficheiro OMIPdaily.xlsx...
   - Data do relatório extraída: 2025-10-07
✅ Dados de futuros extraídos e processados.
   - Total: 32 futuros
   - Dias: 5
   - Semanas: 4
   - Meses: 6

   📋 Amostra de futuros extraídos:

   Dia:
      FPB D We08Oct-25               -> 2025-10-08 (Wednesday) = 98.29 €/MWh
      FPB D Th09Oct-25               -> 2025-10-09 (Thursday) = 92.03 €/MWh
      FPB D Fr10Oct-25               -> 2025-10-10 (Friday) = 90.22 €/MWh

   Semana:
      FPB Wk42-25                    -> 2025-10-13 (Monday) = 91.15 €/MWh
      FPB Wk43-25                    -> 2025-10-20 (Monday) = 82.15 €/MWh
      FPB Wk44-25                    -> 2025-10-27 (Monday) = 80.62 €/MWh

   Mês:
      FPB M Nov-25                   -> 2025-11-01 (Saturday) = 79.15 €/MWh
      FPB M Dec-25                   -> 2025-12-01 (Monday) = 77.25 €/MWh
      FPB M Jan-26                   -> 2026-01-01 (Thursday) = 75.51 €/MWh

⏳ Passo 2: A ler e combinar dados OMIE (todos quarto-horários)...
   - 2a: A ler 'MIBEL.xlsx'...
   - 2b: A ler dados recentes (ACUM)...
   - 2c: A ler dados do dia seguinte (INDICADORES)...
   - 2d: A combinar fontes de dados...
✅ Todas as fontes de dados OMIE foram combinadas.

⏳ Passo 3: A criar calendário e aplicar futuros (lógica do R)...
   - A preparar futuros diários...
   - A preparar futuros semanais...
   - A preparar futuros mensais...
   - A preparar futuros trimestrais...
   - A fazer merge dos futuros...
   - A propagar futuros dentro dos períodos (fill)...
   - A juntar dados históricos reais...
   - A aplicar hierarquia de preços...
✅ Preços diários (reais e projetados) calculados.
   - A criar grelha quarto-horária...
✅ Estrutura ES criada com número correto de quartos-horários.

   🔍 Verificação da aplicação de futuros:
      2025-10-08 (Wednesday):
         Real: 98.29468750000001
         Dia:  98.29
         Sem:  91.15
         Mês:  79.15
         ➡️  FINAL: 98.29 €/MWh
      2025-10-09 (Thursday):
         Real: 70.288125
         Dia:  92.03
         Sem:  91.15
         Mês:  79.15
         ➡️  FINAL: 70.29 €/MWh
      2025-10-10 (Friday):
         Real: nan
         Dia:  90.22
         Sem:  91.15
         Mês:  79.15
         ➡️  FINAL: 90.22 €/MWh
      2025-10-13 (Monday):
         Real: nan
         Dia:  nan
         Sem:  91.15
         Mês:  79.15
         ➡️  FINAL: 91.15 €/MWh
      2025-11-01 (Saturday):
         Real: nan
         Dia:  nan
         Sem:  80.62
         Mês:  79.15
         ➡️  FINAL: 80.62 €/MWh

⏳ Passo 4: A converter para hora de Portugal...
✅ 35132 registos finais preparados em hora de Portugal.
✅ Todos os dias têm número de quartos esperado (92, 96 ou 100).

⏳ Passo 5: A atualizar o ficheiro 'Tarifarios_🔌_Eletricidade_Tiago_Felicia.xlsx'...
✅ O ficheiro Excel foi atualizado com sucesso!
   Data_Valores_OMIE = 2025-10-09
   Data_Valores_OMIP = 2025-10-07
=== Execução terminada em 2025-10-08 12:16:26 ===
Duração total: 21 segundos.
=== Execução Python iniciada em 2025-10-08 12:32:15 ===
/opt/hostedtoolcache/Python/3.11.13/x64/lib/python3.11/site-packages/openpyxl/styles/stylesheet.py:241: UserWarning: Workbook contains no default style, apply openpyxl's default
  warn("Workbook contains no default style, apply openpyxl's default")
/opt/hostedtoolcache/Python/3.11.13/x64/lib/python3.11/site-packages/openpyxl/styles/stylesheet.py:241: UserWarning: Workbook contains no default style, apply openpyxl's default
  warn("Workbook contains no default style, apply openpyxl's default")
✅ Bibliotecas carregadas
ℹ️ Data de início da atualização definida para: 2025-10-01

⏳ Passo 1: A extrair dados de futuros do ficheiro OMIPdaily.xlsx...
   - Data do relatório extraída: 2025-10-07
✅ Dados de futuros extraídos e processados.
   - Total: 32 futuros
   - Dias: 5
   - Semanas: 4
   - Meses: 6

   📋 Amostra de futuros extraídos:

   Dia:
      FPB D We08Oct-25               -> 2025-10-08 (Wednesday) = 98.29 €/MWh
      FPB D Th09Oct-25               -> 2025-10-09 (Thursday) = 92.03 €/MWh
      FPB D Fr10Oct-25               -> 2025-10-10 (Friday) = 90.22 €/MWh

   Semana:
      FPB Wk42-25                    -> 2025-10-13 (Monday) = 91.15 €/MWh
      FPB Wk43-25                    -> 2025-10-20 (Monday) = 82.15 €/MWh
      FPB Wk44-25                    -> 2025-10-27 (Monday) = 80.62 €/MWh

   Mês:
      FPB M Nov-25                   -> 2025-11-01 (Saturday) = 79.15 €/MWh
      FPB M Dec-25                   -> 2025-12-01 (Monday) = 77.25 €/MWh
      FPB M Jan-26                   -> 2026-01-01 (Thursday) = 75.51 €/MWh

⏳ Passo 2: A ler e combinar dados OMIE (todos quarto-horários)...
   - 2a: A ler 'MIBEL.xlsx'...
   - 2b: A ler dados recentes (ACUM)...
   - 2c: A ler dados do dia seguinte (INDICADORES)...
   - 2d: A combinar fontes de dados...
✅ Todas as fontes de dados OMIE foram combinadas.

⏳ Passo 3: A criar calendário e aplicar futuros (lógica do R)...
   - A preparar futuros diários...
   - A preparar futuros semanais...
   - A preparar futuros mensais...
   - A preparar futuros trimestrais...
   - A fazer merge dos futuros...
   - A propagar futuros dentro dos períodos (fill)...
   - A juntar dados históricos reais...
   - A aplicar hierarquia de preços...
✅ Preços diários (reais e projetados) calculados.
   - A criar grelha quarto-horária...
✅ Estrutura ES criada com número correto de quartos-horários.

   🔍 Verificação da aplicação de futuros:
      2025-10-08 (Wednesday):
         Real: 98.29468750000001
         Dia:  98.29
         Sem:  91.15
         Mês:  79.15
         ➡️  FINAL: 98.29 €/MWh
      2025-10-09 (Thursday):
         Real: 70.288125
         Dia:  92.03
         Sem:  91.15
         Mês:  79.15
         ➡️  FINAL: 70.29 €/MWh
      2025-10-10 (Friday):
         Real: nan
         Dia:  90.22
         Sem:  91.15
         Mês:  79.15
         ➡️  FINAL: 90.22 €/MWh
      2025-10-13 (Monday):
         Real: nan
         Dia:  nan
         Sem:  91.15
         Mês:  79.15
         ➡️  FINAL: 91.15 €/MWh
      2025-11-01 (Saturday):
         Real: nan
         Dia:  nan
         Sem:  80.62
         Mês:  79.15
         ➡️  FINAL: 80.62 €/MWh

⏳ Passo 4: A converter para hora de Portugal...
✅ 35132 registos finais preparados em hora de Portugal.
✅ Todos os dias têm número de quartos esperado (92, 96 ou 100).

⏳ Passo 5: A atualizar o ficheiro 'Tarifarios_🔌_Eletricidade_Tiago_Felicia.xlsx'...
✅ O ficheiro Excel foi atualizado com sucesso!
   Data_Valores_OMIE = 2025-10-09
   Data_Valores_OMIP = 2025-10-07
=== Execução terminada em 2025-10-08 12:32:36 ===
Duração total: 21 segundos.
=== Execução Python iniciada em 2025-10-08 17:35:00 ===
/opt/hostedtoolcache/Python/3.11.13/x64/lib/python3.11/site-packages/openpyxl/styles/stylesheet.py:241: UserWarning: Workbook contains no default style, apply openpyxl's default
  warn("Workbook contains no default style, apply openpyxl's default")
/opt/hostedtoolcache/Python/3.11.13/x64/lib/python3.11/site-packages/openpyxl/styles/stylesheet.py:241: UserWarning: Workbook contains no default style, apply openpyxl's default
  warn("Workbook contains no default style, apply openpyxl's default")
✅ Bibliotecas carregadas
ℹ️ Data de início da atualização definida para: 2025-10-01

⏳ Passo 1: A extrair dados de futuros do ficheiro OMIPdaily.xlsx...
   - Data do relatório extraída: 2025-10-08
✅ Dados de futuros extraídos e processados.
   - Total: 31 futuros
   - Dias: 4
   - Semanas: 4
   - Meses: 6

   📋 Amostra de futuros extraídos:

   Dia:
      FPB D Th09Oct-25               -> 2025-10-09 (Thursday) = 70.29 €/MWh
      FPB D Fr10Oct-25               -> 2025-10-10 (Friday) = 73.06 €/MWh
      FPB D Sa11Oct-25               -> 2025-10-11 (Saturday) = 65.70 €/MWh

   Semana:
      FPB Wk42-25                    -> 2025-10-13 (Monday) = 87.65 €/MWh
      FPB Wk43-25                    -> 2025-10-20 (Monday) = 73.15 €/MWh
      FPB Wk44-25                    -> 2025-10-27 (Monday) = 69.65 €/MWh

   Mês:
      FPB M Nov-25                   -> 2025-11-01 (Saturday) = 77.35 €/MWh
      FPB M Dec-25                   -> 2025-12-01 (Monday) = 75.95 €/MWh
      FPB M Jan-26                   -> 2026-01-01 (Thursday) = 75.48 €/MWh

⏳ Passo 2: A ler e combinar dados OMIE (todos quarto-horários)...
   - 2a: A ler 'MIBEL.xlsx'...
   - 2b: A ler dados recentes (ACUM)...
   - 2c: A ler dados do dia seguinte (INDICADORES)...
   - 2d: A combinar fontes de dados...
✅ Todas as fontes de dados OMIE foram combinadas.

⏳ Passo 3: A criar calendário e aplicar futuros (lógica do R)...
   - A preparar futuros diários...
   - A preparar futuros semanais...
   - A preparar futuros mensais...
   - A preparar futuros trimestrais...
   - A fazer merge dos futuros...
   - A propagar futuros dentro dos períodos (fill)...
   - A juntar dados históricos reais...
   - A aplicar hierarquia de preços...
✅ Preços diários (reais e projetados) calculados.
   - A criar grelha quarto-horária...
✅ Estrutura ES criada com número correto de quartos-horários.

   🔍 Verificação da aplicação de futuros:
      2025-10-08 (Wednesday):
         Real: 98.29468750000001
         Dia:  nan
         Sem:  87.65
         Mês:  77.35
         ➡️  FINAL: 98.29 €/MWh
      2025-10-09 (Thursday):
         Real: 70.288125
         Dia:  70.29
         Sem:  87.65
         Mês:  77.35
         ➡️  FINAL: 70.29 €/MWh
      2025-10-10 (Friday):
         Real: nan
         Dia:  73.06
         Sem:  87.65
         Mês:  77.35
         ➡️  FINAL: 73.06 €/MWh
      2025-10-13 (Monday):
         Real: nan
         Dia:  nan
         Sem:  87.65
         Mês:  77.35
         ➡️  FINAL: 87.65 €/MWh
      2025-11-01 (Saturday):
         Real: nan
         Dia:  nan
         Sem:  69.65
         Mês:  77.35
         ➡️  FINAL: 69.65 €/MWh

⏳ Passo 4: A converter para hora de Portugal...
✅ 35132 registos finais preparados em hora de Portugal.
✅ Todos os dias têm número de quartos esperado (92, 96 ou 100).

⏳ Passo 5: A atualizar o ficheiro 'Tarifarios_🔌_Eletricidade_Tiago_Felicia.xlsx'...
✅ O ficheiro Excel foi atualizado com sucesso!
   Data_Valores_OMIE = 2025-10-09
   Data_Valores_OMIP = 2025-10-08
=== Execução terminada em 2025-10-08 17:35:21 ===
Duração total: 21 segundos.
=== Execução Python iniciada em 2025-10-09 11:14:52 ===
/opt/hostedtoolcache/Python/3.11.13/x64/lib/python3.11/site-packages/openpyxl/styles/stylesheet.py:241: UserWarning: Workbook contains no default style, apply openpyxl's default
  warn("Workbook contains no default style, apply openpyxl's default")
/opt/hostedtoolcache/Python/3.11.13/x64/lib/python3.11/site-packages/openpyxl/styles/stylesheet.py:241: UserWarning: Workbook contains no default style, apply openpyxl's default
  warn("Workbook contains no default style, apply openpyxl's default")
✅ Bibliotecas carregadas
ℹ️ Data de início da atualização definida para: 2025-10-01

⏳ Passo 1: A extrair dados de futuros do ficheiro OMIPdaily.xlsx...
   - Data do relatório extraída: 2025-10-08
✅ Dados de futuros extraídos e processados.
   - Total: 31 futuros
   - Dias: 4
   - Semanas: 4
   - Meses: 6

   📋 Amostra de futuros extraídos:

   Dia:
      FPB D Th09Oct-25               -> 2025-10-09 (Thursday) = 70.29 €/MWh
      FPB D Fr10Oct-25               -> 2025-10-10 (Friday) = 73.06 €/MWh
      FPB D Sa11Oct-25               -> 2025-10-11 (Saturday) = 65.70 €/MWh

   Semana:
      FPB Wk42-25                    -> 2025-10-13 (Monday) = 87.65 €/MWh
      FPB Wk43-25                    -> 2025-10-20 (Monday) = 73.15 €/MWh
      FPB Wk44-25                    -> 2025-10-27 (Monday) = 69.65 €/MWh

   Mês:
      FPB M Nov-25                   -> 2025-11-01 (Saturday) = 77.35 €/MWh
      FPB M Dec-25                   -> 2025-12-01 (Monday) = 75.95 €/MWh
      FPB M Jan-26                   -> 2026-01-01 (Thursday) = 75.48 €/MWh

⏳ Passo 2: A ler e combinar dados OMIE (todos quarto-horários)...
   - 2a: A ler 'MIBEL.xlsx'...
   - 2b: A ler dados recentes (ACUM)...
   - 2c: A ler dados do dia seguinte (INDICADORES)...
   - 2d: A combinar fontes de dados...
✅ Todas as fontes de dados OMIE foram combinadas.

⏳ Passo 3: A criar calendário e aplicar futuros (lógica do R)...
   - A preparar futuros diários...
   - A preparar futuros semanais...
   - A preparar futuros mensais...
   - A preparar futuros trimestrais...
   - A fazer merge dos futuros...
   - A propagar futuros dentro dos períodos (fill)...
   - A juntar dados históricos reais...
   - A aplicar hierarquia de preços...
✅ Preços diários (reais e projetados) calculados.
   - A criar grelha quarto-horária...
✅ Estrutura ES criada com número correto de quartos-horários.

   🔍 Verificação da aplicação de futuros:
      2025-10-08 (Wednesday):
         Real: 98.29468750000001
         Dia:  nan
         Sem:  87.65
         Mês:  77.35
         ➡️  FINAL: 98.29 €/MWh
      2025-10-09 (Thursday):
         Real: 70.288125
         Dia:  70.29
         Sem:  87.65
         Mês:  77.35
         ➡️  FINAL: 70.29 €/MWh
      2025-10-10 (Friday):
         Real: 79.21989583333333
         Dia:  73.06
         Sem:  87.65
         Mês:  77.35
         ➡️  FINAL: 79.22 €/MWh
      2025-10-13 (Monday):
         Real: nan
         Dia:  nan
         Sem:  87.65
         Mês:  77.35
         ➡️  FINAL: 87.65 €/MWh
      2025-11-01 (Saturday):
         Real: nan
         Dia:  nan
         Sem:  69.65
         Mês:  77.35
         ➡️  FINAL: 69.65 €/MWh

⏳ Passo 4: A converter para hora de Portugal...
✅ 35132 registos finais preparados em hora de Portugal.
✅ Todos os dias têm número de quartos esperado (92, 96 ou 100).

⏳ Passo 5: A atualizar o ficheiro 'Tarifarios_🔌_Eletricidade_Tiago_Felicia.xlsx'...
✅ O ficheiro Excel foi atualizado com sucesso!
   Data_Valores_OMIE = 2025-10-10
   Data_Valores_OMIP = 2025-10-08
=== Execução terminada em 2025-10-09 11:15:14 ===
Duração total: 22 segundos.
=== Execução Python iniciada em 2025-10-09 17:35:27 ===
/opt/hostedtoolcache/Python/3.11.13/x64/lib/python3.11/site-packages/openpyxl/styles/stylesheet.py:241: UserWarning: Workbook contains no default style, apply openpyxl's default
  warn("Workbook contains no default style, apply openpyxl's default")
/opt/hostedtoolcache/Python/3.11.13/x64/lib/python3.11/site-packages/openpyxl/styles/stylesheet.py:241: UserWarning: Workbook contains no default style, apply openpyxl's default
  warn("Workbook contains no default style, apply openpyxl's default")
✅ Bibliotecas carregadas
ℹ️ Data de início da atualização definida para: 2025-10-01

⏳ Passo 1: A extrair dados de futuros do ficheiro OMIPdaily.xlsx...
   - Data do relatório extraída: 2025-10-09
✅ Dados de futuros extraídos e processados.
   - Total: 30 futuros
   - Dias: 3
   - Semanas: 4
   - Meses: 6

   📋 Amostra de futuros extraídos:

   Dia:
      FPB D Fr10Oct-25               -> 2025-10-10 (Friday) = 79.22 €/MWh
      FPB D Sa11Oct-25               -> 2025-10-11 (Saturday) = 71.20 €/MWh
      FPB D Su12Oct-25               -> 2025-10-12 (Sunday) = 64.50 €/MWh

   Semana:
      FPB Wk42-25                    -> 2025-10-13 (Monday) = 87.65 €/MWh
      FPB Wk43-25                    -> 2025-10-20 (Monday) = 73.15 €/MWh
      FPB Wk44-25                    -> 2025-10-27 (Monday) = 69.24 €/MWh

   Mês:
      FPB M Nov-25                   -> 2025-11-01 (Saturday) = 75.90 €/MWh
      FPB M Dec-25                   -> 2025-12-01 (Monday) = 75.10 €/MWh
      FPB M Jan-26                   -> 2026-01-01 (Thursday) = 75.13 €/MWh

⏳ Passo 2: A ler e combinar dados OMIE (todos quarto-horários)...
   - 2a: A ler 'MIBEL.xlsx'...
   - 2b: A ler dados recentes (ACUM)...
   - 2c: A ler dados do dia seguinte (INDICADORES)...
   - 2d: A combinar fontes de dados...
✅ Todas as fontes de dados OMIE foram combinadas.

⏳ Passo 3: A criar calendário e aplicar futuros (lógica do R)...
   - A preparar futuros diários...
   - A preparar futuros semanais...
   - A preparar futuros mensais...
   - A preparar futuros trimestrais...
   - A fazer merge dos futuros...
   - A propagar futuros dentro dos períodos (fill)...
   - A juntar dados históricos reais...
   - A aplicar hierarquia de preços...
✅ Preços diários (reais e projetados) calculados.
   - A criar grelha quarto-horária...
✅ Estrutura ES criada com número correto de quartos-horários.

   🔍 Verificação da aplicação de futuros:
      2025-10-08 (Wednesday):
         Real: 98.29468750000001
         Dia:  nan
         Sem:  87.65
         Mês:  75.9
         ➡️  FINAL: 98.29 €/MWh
      2025-10-09 (Thursday):
         Real: 70.288125
         Dia:  nan
         Sem:  87.65
         Mês:  75.9
         ➡️  FINAL: 70.29 €/MWh
      2025-10-10 (Friday):
         Real: 79.21989583333333
         Dia:  79.22
         Sem:  87.65
         Mês:  75.9
         ➡️  FINAL: 79.22 €/MWh
      2025-10-13 (Monday):
         Real: nan
         Dia:  nan
         Sem:  87.65
         Mês:  75.9
         ➡️  FINAL: 87.65 €/MWh
      2025-11-01 (Saturday):
         Real: nan
         Dia:  nan
         Sem:  69.24
         Mês:  75.9
         ➡️  FINAL: 69.24 €/MWh

⏳ Passo 4: A converter para hora de Portugal...
✅ 35132 registos finais preparados em hora de Portugal.
✅ Todos os dias têm número de quartos esperado (92, 96 ou 100).

⏳ Passo 5: A atualizar o ficheiro 'Tarifarios_🔌_Eletricidade_Tiago_Felicia.xlsx'...
✅ O ficheiro Excel foi atualizado com sucesso!
   Data_Valores_OMIE = 2025-10-10
   Data_Valores_OMIP = 2025-10-09
=== Execução terminada em 2025-10-09 17:35:49 ===
Duração total: 22 segundos.
=== Execução Python iniciada em 2025-10-10 11:14:58 ===
/opt/hostedtoolcache/Python/3.11.13/x64/lib/python3.11/site-packages/openpyxl/styles/stylesheet.py:241: UserWarning: Workbook contains no default style, apply openpyxl's default
  warn("Workbook contains no default style, apply openpyxl's default")
/opt/hostedtoolcache/Python/3.11.13/x64/lib/python3.11/site-packages/openpyxl/styles/stylesheet.py:241: UserWarning: Workbook contains no default style, apply openpyxl's default
  warn("Workbook contains no default style, apply openpyxl's default")
✅ Bibliotecas carregadas
ℹ️ Data de início da atualização definida para: 2025-10-01

⏳ Passo 1: A extrair dados de futuros do ficheiro OMIPdaily.xlsx...
   - Data do relatório extraída: 2025-10-09
✅ Dados de futuros extraídos e processados.
   - Total: 30 futuros
   - Dias: 3
   - Semanas: 4
   - Meses: 6

   📋 Amostra de futuros extraídos:

   Dia:
      FPB D Fr10Oct-25               -> 2025-10-10 (Friday) = 79.22 €/MWh
      FPB D Sa11Oct-25               -> 2025-10-11 (Saturday) = 71.20 €/MWh
      FPB D Su12Oct-25               -> 2025-10-12 (Sunday) = 64.50 €/MWh

   Semana:
      FPB Wk42-25                    -> 2025-10-13 (Monday) = 87.65 €/MWh
      FPB Wk43-25                    -> 2025-10-20 (Monday) = 73.15 €/MWh
      FPB Wk44-25                    -> 2025-10-27 (Monday) = 69.24 €/MWh

   Mês:
      FPB M Nov-25                   -> 2025-11-01 (Saturday) = 75.90 €/MWh
      FPB M Dec-25                   -> 2025-12-01 (Monday) = 75.10 €/MWh
      FPB M Jan-26                   -> 2026-01-01 (Thursday) = 75.13 €/MWh

⏳ Passo 2: A ler e combinar dados OMIE (todos quarto-horários)...
   - 2a: A ler 'MIBEL.xlsx'...
   - 2b: A ler dados recentes (ACUM)...
   - 2c: A ler dados do dia seguinte (INDICADORES)...
   - 2d: A combinar fontes de dados...
✅ Todas as fontes de dados OMIE foram combinadas.

⏳ Passo 3: A criar calendário e aplicar futuros (lógica do R)...
   - A preparar futuros diários...
   - A preparar futuros semanais...
   - A preparar futuros mensais...
   - A preparar futuros trimestrais...
   - A fazer merge dos futuros...
   - A propagar futuros dentro dos períodos (fill)...
   - A juntar dados históricos reais...
   - A aplicar hierarquia de preços...
✅ Preços diários (reais e projetados) calculados.
   - A criar grelha quarto-horária...
✅ Estrutura ES criada com número correto de quartos-horários.

   🔍 Verificação da aplicação de futuros:
      2025-10-08 (Wednesday):
         Real: 98.29468750000001
         Dia:  nan
         Sem:  87.65
         Mês:  75.9
         ➡️  FINAL: 98.29 €/MWh
      2025-10-09 (Thursday):
         Real: 70.288125
         Dia:  nan
         Sem:  87.65
         Mês:  75.9
         ➡️  FINAL: 70.29 €/MWh
      2025-10-10 (Friday):
         Real: 79.21989583333333
         Dia:  79.22
         Sem:  87.65
         Mês:  75.9
         ➡️  FINAL: 79.22 €/MWh
      2025-10-13 (Monday):
         Real: nan
         Dia:  nan
         Sem:  87.65
         Mês:  75.9
         ➡️  FINAL: 87.65 €/MWh
      2025-11-01 (Saturday):
         Real: nan
         Dia:  nan
         Sem:  69.24
         Mês:  75.9
         ➡️  FINAL: 69.24 €/MWh

⏳ Passo 4: A converter para hora de Portugal...
✅ 35132 registos finais preparados em hora de Portugal.
✅ Todos os dias têm número de quartos esperado (92, 96 ou 100).

⏳ Passo 5: A atualizar o ficheiro 'Tarifarios_🔌_Eletricidade_Tiago_Felicia.xlsx'...
✅ O ficheiro Excel foi atualizado com sucesso!
   Data_Valores_OMIE = 2025-10-11
   Data_Valores_OMIP = 2025-10-09
=== Execução terminada em 2025-10-10 11:15:19 ===
Duração total: 21 segundos.
=== Execução Python iniciada em 2025-10-10 17:33:13 ===
/opt/hostedtoolcache/Python/3.11.13/x64/lib/python3.11/site-packages/openpyxl/styles/stylesheet.py:241: UserWarning: Workbook contains no default style, apply openpyxl's default
  warn("Workbook contains no default style, apply openpyxl's default")
/opt/hostedtoolcache/Python/3.11.13/x64/lib/python3.11/site-packages/openpyxl/styles/stylesheet.py:241: UserWarning: Workbook contains no default style, apply openpyxl's default
  warn("Workbook contains no default style, apply openpyxl's default")
✅ Bibliotecas carregadas
ℹ️ Data de início da atualização definida para: 2025-10-01

⏳ Passo 1: A extrair dados de futuros do ficheiro OMIPdaily.xlsx...
   - Data do relatório extraída: 2025-10-10
✅ Dados de futuros extraídos e processados.
   - Total: 36 futuros
   - Dias: 9
   - Semanas: 4
   - Meses: 6

   📋 Amostra de futuros extraídos:

   Dia:
      FPB D Sa11Oct-25               -> 2025-10-11 (Saturday) = 73.70 €/MWh
      FPB D Su12Oct-25               -> 2025-10-12 (Sunday) = 63.66 €/MWh
      FPB D Mo13Oct-25               -> 2025-10-13 (Monday) = 95.33 €/MWh

   Semana:
      FPB Wk42-25                    -> 2025-10-13 (Monday) = 92.15 €/MWh
      FPB Wk43-25                    -> 2025-10-20 (Monday) = 75.65 €/MWh
      FPB Wk44-25                    -> 2025-10-27 (Monday) = 71.10 €/MWh

   Mês:
      FPB M Nov-25                   -> 2025-11-01 (Saturday) = 76.15 €/MWh
      FPB M Dec-25                   -> 2025-12-01 (Monday) = 74.45 €/MWh
      FPB M Jan-26                   -> 2026-01-01 (Thursday) = 74.85 €/MWh

⏳ Passo 2: A ler e combinar dados OMIE (todos quarto-horários)...
   - 2a: A ler 'MIBEL.xlsx'...
   - 2b: A ler dados recentes (ACUM)...
   - 2c: A ler dados do dia seguinte (INDICADORES)...
   - 2d: A combinar fontes de dados...
✅ Todas as fontes de dados OMIE foram combinadas.

⏳ Passo 3: A criar calendário e aplicar futuros (lógica do R)...
   - A preparar futuros diários...
   - A preparar futuros semanais...
   - A preparar futuros mensais...
   - A preparar futuros trimestrais...
   - A fazer merge dos futuros...
   - A propagar futuros dentro dos períodos (fill)...
   - A juntar dados históricos reais...
   - A aplicar hierarquia de preços...
✅ Preços diários (reais e projetados) calculados.
   - A criar grelha quarto-horária...
✅ Estrutura ES criada com número correto de quartos-horários.

   🔍 Verificação da aplicação de futuros:
      2025-10-08 (Wednesday):
         Real: 98.29468750000001
         Dia:  nan
         Sem:  92.15
         Mês:  76.15
         ➡️  FINAL: 98.29 €/MWh
      2025-10-09 (Thursday):
         Real: 70.288125
         Dia:  nan
         Sem:  92.15
         Mês:  76.15
         ➡️  FINAL: 70.29 €/MWh
      2025-10-10 (Friday):
         Real: 79.21989583333333
         Dia:  nan
         Sem:  92.15
         Mês:  76.15
         ➡️  FINAL: 79.22 €/MWh
      2025-10-13 (Monday):
         Real: nan
         Dia:  95.33
         Sem:  92.15
         Mês:  76.15
         ➡️  FINAL: 95.33 €/MWh
      2025-11-01 (Saturday):
         Real: nan
         Dia:  nan
         Sem:  71.1
         Mês:  76.15
         ➡️  FINAL: 71.10 €/MWh

⏳ Passo 4: A converter para hora de Portugal...
✅ 35132 registos finais preparados em hora de Portugal.
✅ Todos os dias têm número de quartos esperado (92, 96 ou 100).

⏳ Passo 5: A atualizar o ficheiro 'Tarifarios_🔌_Eletricidade_Tiago_Felicia.xlsx'...
✅ O ficheiro Excel foi atualizado com sucesso!
   Data_Valores_OMIE = 2025-10-11
   Data_Valores_OMIP = 2025-10-10
=== Execução terminada em 2025-10-10 17:33:34 ===
Duração total: 21 segundos.
=== Execução Python iniciada em 2025-10-11 11:13:02 ===
/opt/hostedtoolcache/Python/3.11.13/x64/lib/python3.11/site-packages/openpyxl/styles/stylesheet.py:241: UserWarning: Workbook contains no default style, apply openpyxl's default
  warn("Workbook contains no default style, apply openpyxl's default")
/opt/hostedtoolcache/Python/3.11.13/x64/lib/python3.11/site-packages/openpyxl/styles/stylesheet.py:241: UserWarning: Workbook contains no default style, apply openpyxl's default
  warn("Workbook contains no default style, apply openpyxl's default")
✅ Bibliotecas carregadas
ℹ️ Data de início da atualização definida para: 2025-10-01

⏳ Passo 1: A extrair dados de futuros do ficheiro OMIPdaily.xlsx...
   - Data do relatório extraída: 2025-10-10
✅ Dados de futuros extraídos e processados.
   - Total: 36 futuros
   - Dias: 9
   - Semanas: 4
   - Meses: 6

   📋 Amostra de futuros extraídos:

   Dia:
      FPB D Sa11Oct-25               -> 2025-10-11 (Saturday) = 73.70 €/MWh
      FPB D Su12Oct-25               -> 2025-10-12 (Sunday) = 63.66 €/MWh
      FPB D Mo13Oct-25               -> 2025-10-13 (Monday) = 95.33 €/MWh

   Semana:
      FPB Wk42-25                    -> 2025-10-13 (Monday) = 92.15 €/MWh
      FPB Wk43-25                    -> 2025-10-20 (Monday) = 75.65 €/MWh
      FPB Wk44-25                    -> 2025-10-27 (Monday) = 71.10 €/MWh

   Mês:
      FPB M Nov-25                   -> 2025-11-01 (Saturday) = 76.15 €/MWh
      FPB M Dec-25                   -> 2025-12-01 (Monday) = 74.45 €/MWh
      FPB M Jan-26                   -> 2026-01-01 (Thursday) = 74.85 €/MWh

⏳ Passo 2: A ler e combinar dados OMIE (todos quarto-horários)...
   - 2a: A ler 'MIBEL.xlsx'...
   - 2b: A ler dados recentes (ACUM)...
   - 2c: A ler dados do dia seguinte (INDICADORES)...
   - 2d: A combinar fontes de dados...
✅ Todas as fontes de dados OMIE foram combinadas.

⏳ Passo 3: A criar calendário e aplicar futuros (lógica do R)...
   - A preparar futuros diários...
   - A preparar futuros semanais...
   - A preparar futuros mensais...
   - A preparar futuros trimestrais...
   - A fazer merge dos futuros...
   - A propagar futuros dentro dos períodos (fill)...
   - A juntar dados históricos reais...
   - A aplicar hierarquia de preços...
✅ Preços diários (reais e projetados) calculados.
   - A criar grelha quarto-horária...
✅ Estrutura ES criada com número correto de quartos-horários.

   🔍 Verificação da aplicação de futuros:
      2025-10-08 (Wednesday):
         Real: 98.29468750000001
         Dia:  nan
         Sem:  92.15
         Mês:  76.15
         ➡️  FINAL: 98.29 €/MWh
      2025-10-09 (Thursday):
         Real: 70.288125
         Dia:  nan
         Sem:  92.15
         Mês:  76.15
         ➡️  FINAL: 70.29 €/MWh
      2025-10-10 (Friday):
         Real: 79.21989583333333
         Dia:  nan
         Sem:  92.15
         Mês:  76.15
         ➡️  FINAL: 79.22 €/MWh
      2025-10-13 (Monday):
         Real: nan
         Dia:  95.33
         Sem:  92.15
         Mês:  76.15
         ➡️  FINAL: 95.33 €/MWh
      2025-11-01 (Saturday):
         Real: nan
         Dia:  nan
         Sem:  71.1
         Mês:  76.15
         ➡️  FINAL: 71.10 €/MWh

⏳ Passo 4: A converter para hora de Portugal...
✅ 35132 registos finais preparados em hora de Portugal.
✅ Todos os dias têm número de quartos esperado (92, 96 ou 100).

⏳ Passo 5: A atualizar o ficheiro 'Tarifarios_🔌_Eletricidade_Tiago_Felicia.xlsx'...
✅ O ficheiro Excel foi atualizado com sucesso!
   Data_Valores_OMIE = 2025-10-12
   Data_Valores_OMIP = 2025-10-10
=== Execução terminada em 2025-10-11 11:13:24 ===
Duração total: 22 segundos.
=== Execução Python iniciada em 2025-10-12 11:12:52 ===
/opt/hostedtoolcache/Python/3.11.13/x64/lib/python3.11/site-packages/openpyxl/styles/stylesheet.py:241: UserWarning: Workbook contains no default style, apply openpyxl's default
  warn("Workbook contains no default style, apply openpyxl's default")
/opt/hostedtoolcache/Python/3.11.13/x64/lib/python3.11/site-packages/openpyxl/styles/stylesheet.py:241: UserWarning: Workbook contains no default style, apply openpyxl's default
  warn("Workbook contains no default style, apply openpyxl's default")
✅ Bibliotecas carregadas
ℹ️ Data de início da atualização definida para: 2025-10-01

⏳ Passo 1: A extrair dados de futuros do ficheiro OMIPdaily.xlsx...
   - Data do relatório extraída: 2025-10-10
✅ Dados de futuros extraídos e processados.
   - Total: 36 futuros
   - Dias: 9
   - Semanas: 4
   - Meses: 6

   📋 Amostra de futuros extraídos:

   Dia:
      FPB D Sa11Oct-25               -> 2025-10-11 (Saturday) = 73.70 €/MWh
      FPB D Su12Oct-25               -> 2025-10-12 (Sunday) = 63.66 €/MWh
      FPB D Mo13Oct-25               -> 2025-10-13 (Monday) = 95.33 €/MWh

   Semana:
      FPB Wk42-25                    -> 2025-10-13 (Monday) = 92.15 €/MWh
      FPB Wk43-25                    -> 2025-10-20 (Monday) = 75.65 €/MWh
      FPB Wk44-25                    -> 2025-10-27 (Monday) = 71.10 €/MWh

   Mês:
      FPB M Nov-25                   -> 2025-11-01 (Saturday) = 76.15 €/MWh
      FPB M Dec-25                   -> 2025-12-01 (Monday) = 74.45 €/MWh
      FPB M Jan-26                   -> 2026-01-01 (Thursday) = 74.85 €/MWh

⏳ Passo 2: A ler e combinar dados OMIE (todos quarto-horários)...
   - 2a: A ler 'MIBEL.xlsx'...
   - 2b: A ler dados recentes (ACUM)...
   - 2c: A ler dados do dia seguinte (INDICADORES)...
   - 2d: A combinar fontes de dados...
✅ Todas as fontes de dados OMIE foram combinadas.

⏳ Passo 3: A criar calendário e aplicar futuros (lógica do R)...
   - A preparar futuros diários...
   - A preparar futuros semanais...
   - A preparar futuros mensais...
   - A preparar futuros trimestrais...
   - A fazer merge dos futuros...
   - A propagar futuros dentro dos períodos (fill)...
   - A juntar dados históricos reais...
   - A aplicar hierarquia de preços...
✅ Preços diários (reais e projetados) calculados.
   - A criar grelha quarto-horária...
✅ Estrutura ES criada com número correto de quartos-horários.

   🔍 Verificação da aplicação de futuros:
      2025-10-08 (Wednesday):
         Real: 98.29468750000001
         Dia:  nan
         Sem:  92.15
         Mês:  76.15
         ➡️  FINAL: 98.29 €/MWh
      2025-10-09 (Thursday):
         Real: 70.288125
         Dia:  nan
         Sem:  92.15
         Mês:  76.15
         ➡️  FINAL: 70.29 €/MWh
      2025-10-10 (Friday):
         Real: 79.21989583333333
         Dia:  nan
         Sem:  92.15
         Mês:  76.15
         ➡️  FINAL: 79.22 €/MWh
      2025-10-13 (Monday):
         Real: 102.65708333333333
         Dia:  95.33
         Sem:  92.15
         Mês:  76.15
         ➡️  FINAL: 102.66 €/MWh
      2025-11-01 (Saturday):
         Real: nan
         Dia:  nan
         Sem:  71.1
         Mês:  76.15
         ➡️  FINAL: 71.10 €/MWh

⏳ Passo 4: A converter para hora de Portugal...
✅ 35132 registos finais preparados em hora de Portugal.
✅ Todos os dias têm número de quartos esperado (92, 96 ou 100).

⏳ Passo 5: A atualizar o ficheiro 'Tarifarios_🔌_Eletricidade_Tiago_Felicia.xlsx'...
✅ O ficheiro Excel foi atualizado com sucesso!
   Data_Valores_OMIE = 2025-10-13
   Data_Valores_OMIP = 2025-10-10
=== Execução terminada em 2025-10-12 11:13:13 ===
Duração total: 21 segundos.
=== Execução Python iniciada em 2025-10-13 11:15:36 ===
/opt/hostedtoolcache/Python/3.11.13/x64/lib/python3.11/site-packages/openpyxl/styles/stylesheet.py:241: UserWarning: Workbook contains no default style, apply openpyxl's default
  warn("Workbook contains no default style, apply openpyxl's default")
/opt/hostedtoolcache/Python/3.11.13/x64/lib/python3.11/site-packages/openpyxl/styles/stylesheet.py:241: UserWarning: Workbook contains no default style, apply openpyxl's default
  warn("Workbook contains no default style, apply openpyxl's default")
✅ Bibliotecas carregadas
ℹ️ Data de início da atualização definida para: 2025-10-01

⏳ Passo 1: A extrair dados de futuros do ficheiro OMIPdaily.xlsx...
   - Data do relatório extraída: 2025-10-10
✅ Dados de futuros extraídos e processados.
   - Total: 36 futuros
   - Dias: 9
   - Semanas: 4
   - Meses: 6

   📋 Amostra de futuros extraídos:

   Dia:
      FPB D Sa11Oct-25               -> 2025-10-11 (Saturday) = 73.70 €/MWh
      FPB D Su12Oct-25               -> 2025-10-12 (Sunday) = 63.66 €/MWh
      FPB D Mo13Oct-25               -> 2025-10-13 (Monday) = 95.33 €/MWh

   Semana:
      FPB Wk42-25                    -> 2025-10-13 (Monday) = 92.15 €/MWh
      FPB Wk43-25                    -> 2025-10-20 (Monday) = 75.65 €/MWh
      FPB Wk44-25                    -> 2025-10-27 (Monday) = 71.10 €/MWh

   Mês:
      FPB M Nov-25                   -> 2025-11-01 (Saturday) = 76.15 €/MWh
      FPB M Dec-25                   -> 2025-12-01 (Monday) = 74.45 €/MWh
      FPB M Jan-26                   -> 2026-01-01 (Thursday) = 74.85 €/MWh

⏳ Passo 2: A ler e combinar dados OMIE (todos quarto-horários)...
   - 2a: A ler 'MIBEL.xlsx'...
   - 2b: A ler dados recentes (ACUM)...
   - 2c: A ler dados do dia seguinte (INDICADORES)...
   - 2d: A combinar fontes de dados...
✅ Todas as fontes de dados OMIE foram combinadas.

⏳ Passo 3: A criar calendário e aplicar futuros (lógica do R)...
   - A preparar futuros diários...
   - A preparar futuros semanais...
   - A preparar futuros mensais...
   - A preparar futuros trimestrais...
   - A fazer merge dos futuros...
   - A propagar futuros dentro dos períodos (fill)...
   - A juntar dados históricos reais...
   - A aplicar hierarquia de preços...
✅ Preços diários (reais e projetados) calculados.
   - A criar grelha quarto-horária...
✅ Estrutura ES criada com número correto de quartos-horários.

   🔍 Verificação da aplicação de futuros:
      2025-10-08 (Wednesday):
         Real: 98.29468750000001
         Dia:  nan
         Sem:  92.15
         Mês:  76.15
         ➡️  FINAL: 98.29 €/MWh
      2025-10-09 (Thursday):
         Real: 70.288125
         Dia:  nan
         Sem:  92.15
         Mês:  76.15
         ➡️  FINAL: 70.29 €/MWh
      2025-10-10 (Friday):
         Real: 79.21989583333333
         Dia:  nan
         Sem:  92.15
         Mês:  76.15
         ➡️  FINAL: 79.22 €/MWh
      2025-10-13 (Monday):
         Real: 102.65708333333333
         Dia:  95.33
         Sem:  92.15
         Mês:  76.15
         ➡️  FINAL: 102.66 €/MWh
      2025-11-01 (Saturday):
         Real: nan
         Dia:  nan
         Sem:  71.1
         Mês:  76.15
         ➡️  FINAL: 71.10 €/MWh

⏳ Passo 4: A converter para hora de Portugal...
✅ 35132 registos finais preparados em hora de Portugal.
✅ Todos os dias têm número de quartos esperado (92, 96 ou 100).

⏳ Passo 5: A atualizar o ficheiro 'Tarifarios_🔌_Eletricidade_Tiago_Felicia.xlsx'...
✅ O ficheiro Excel foi atualizado com sucesso!
   Data_Valores_OMIE = 2025-10-14
   Data_Valores_OMIP = 2025-10-10
=== Execução terminada em 2025-10-13 11:15:56 ===
Duração total: 20 segundos.
=== Execução Python iniciada em 2025-10-13 17:33:37 ===
/opt/hostedtoolcache/Python/3.11.13/x64/lib/python3.11/site-packages/openpyxl/styles/stylesheet.py:241: UserWarning: Workbook contains no default style, apply openpyxl's default
  warn("Workbook contains no default style, apply openpyxl's default")
/opt/hostedtoolcache/Python/3.11.13/x64/lib/python3.11/site-packages/openpyxl/styles/stylesheet.py:241: UserWarning: Workbook contains no default style, apply openpyxl's default
  warn("Workbook contains no default style, apply openpyxl's default")
✅ Bibliotecas carregadas
ℹ️ Data de início da atualização definida para: 2025-10-01

⏳ Passo 1: A extrair dados de futuros do ficheiro OMIPdaily.xlsx...
   - Data do relatório extraída: 2025-10-13
✅ Dados de futuros extraídos e processados.
   - Total: 33 futuros
   - Dias: 6
   - Semanas: 4
   - Meses: 6

   📋 Amostra de futuros extraídos:

   Dia:
      FPB D Tu14Oct-25               -> 2025-10-14 (Tuesday) = 110.67 €/MWh
      FPB D We15Oct-25               -> 2025-10-15 (Wednesday) = 106.84 €/MWh
      FPB D Th16Oct-25               -> 2025-10-16 (Thursday) = 106.96 €/MWh

   Semana:
      FPB Wk43-25                    -> 2025-10-20 (Monday) = 69.15 €/MWh
      FPB Wk44-25                    -> 2025-10-27 (Monday) = 65.97 €/MWh
      FPB Wk45-25                    -> 2025-11-03 (Monday) = 74.45 €/MWh

   Mês:
      FPB M Nov-25                   -> 2025-11-01 (Saturday) = 74.45 €/MWh
      FPB M Dec-25                   -> 2025-12-01 (Monday) = 73.55 €/MWh
      FPB M Jan-26                   -> 2026-01-01 (Thursday) = 74.75 €/MWh

⏳ Passo 2: A ler e combinar dados OMIE (todos quarto-horários)...
   - 2a: A ler 'MIBEL.xlsx'...
   - 2b: A ler dados recentes (ACUM)...
   - 2c: A ler dados do dia seguinte (INDICADORES)...
   - 2d: A combinar fontes de dados...
✅ Todas as fontes de dados OMIE foram combinadas.

⏳ Passo 3: A criar calendário e aplicar futuros (lógica do R)...
   - A preparar futuros diários...
   - A preparar futuros semanais...
   - A preparar futuros mensais...
   - A preparar futuros trimestrais...
   - A fazer merge dos futuros...
   - A propagar futuros dentro dos períodos (fill)...
   - A juntar dados históricos reais...
   - A aplicar hierarquia de preços...
✅ Preços diários (reais e projetados) calculados.
   - A criar grelha quarto-horária...
✅ Estrutura ES criada com número correto de quartos-horários.

   🔍 Verificação da aplicação de futuros:
      2025-10-08 (Wednesday):
         Real: 98.29468750000001
         Dia:  nan
         Sem:  69.15
         Mês:  74.45
         ➡️  FINAL: 98.29 €/MWh
      2025-10-09 (Thursday):
         Real: 70.288125
         Dia:  nan
         Sem:  69.15
         Mês:  74.45
         ➡️  FINAL: 70.29 €/MWh
      2025-10-10 (Friday):
         Real: 79.21989583333333
         Dia:  nan
         Sem:  69.15
         Mês:  74.45
         ➡️  FINAL: 79.22 €/MWh
      2025-10-13 (Monday):
         Real: 102.65708333333333
         Dia:  nan
         Sem:  69.15
         Mês:  74.45
         ➡️  FINAL: 102.66 €/MWh
      2025-11-01 (Saturday):
         Real: nan
         Dia:  nan
         Sem:  65.97
         Mês:  74.45
         ➡️  FINAL: 65.97 €/MWh

⏳ Passo 4: A converter para hora de Portugal...
✅ 35096 registos finais preparados em hora de Portugal.
⚠️ Aviso: Dias com número de quartos inesperado:
      Data  n
2025-10-14 64

⏳ Passo 5: A atualizar o ficheiro 'Tarifarios_🔌_Eletricidade_Tiago_Felicia.xlsx'...
✅ O ficheiro Excel foi atualizado com sucesso!
   Data_Valores_OMIE = 2025-10-14
   Data_Valores_OMIP = 2025-10-13
=== Execução terminada em 2025-10-13 17:33:58 ===
Duração total: 21 segundos.
