=== FASE 1 (MIBEL CSV) INICIADA: Mon Nov 17 14:28:30 UTC 2025 ===
✅ Bibliotecas carregadas para [Atualizador de MIBEL_ano_atual_ACUM]
🚀 A iniciar a atualização do ficheiro histórico `MIBEL_atual_ACUM.csv`...

   - 1: A ler histórico local...
     - ✅ 'data/MIBEL_ano_atual_ACUM.csv' lido com sucesso (30816 registos).

   - 2: Última data local: 2025-11-17. A preencher buracos com OMIE Diário desde 2025-11-18...
   - ℹ️ O histórico local já está atualizado. A saltar OMIE Diário.

   - 3: A obter dados da OMIE (ACUM/INDICADORES)...
   - ℹ️ [OMIE] A tentar extrair dados recentes (ACUM, INDICADORES)...
     - [OMIE] A ler dados (ACUM)...
     - [OMIE] A ler dados (INDICADORES)...
   - ✅ [OMIE] 288 registos recentes extraídos.

   - 4: A combinar e limpar dados...

✅ SUCESSO: 'data/MIBEL_ano_atual_ACUM.csv' foi atualizado com sucesso.
   - Total de registos guardados: 30912
=== FASE 1 (MIBEL CSV) TERMINADA: Mon Nov 17 14:28:31 UTC 2025 ===
=== FASE 2 (TARIFÁRIOS) INICIADA (Houve Mudanças): Mon Nov 17 14:28:32 UTC 2025 ===
/opt/hostedtoolcache/Python/3.11.14/x64/lib/python3.11/site-packages/openpyxl/styles/stylesheet.py:241: UserWarning: Workbook contains no default style, apply openpyxl's default
  warn("Workbook contains no default style, apply openpyxl's default")
/opt/hostedtoolcache/Python/3.11.14/x64/lib/python3.11/site-packages/openpyxl/styles/stylesheet.py:241: UserWarning: Workbook contains no default style, apply openpyxl's default
  warn("Workbook contains no default style, apply openpyxl's default")
✅ Bibliotecas carregadas
ℹ️ Fonte de dados: 'data/MIBEL_ano_atual_ACUM.csv'
⚠️ Dados OMIE e futuros

⏳ Passo 1: A extrair dados de futuros do ficheiro OMIPdaily.xlsx...
   - Data do relatório OMIP extraída: 2025-11-14
✅ Dados de futuros extraídos e processados.

⏳ Passo 2: A ler dados históricos do 'data/MIBEL_ano_atual_ACUM.csv'...
✅ 30912 registos históricos lidos com sucesso.

⏳ Passo 3: A criar calendário e aplicar futuros...
   - A preparar futuros (diários, semanais, mensais, trimestrais)...
   - A fazer merge dos futuros...
   - A propagar futuros dentro dos períodos (fill)...
   - A juntar dados históricos reais...
   - A aplicar hierarquia de preços...
✅ Preços diários (reais e projetados) calculados.
   - A criar grelha quarto-horária futura...
✅ Estrutura ES criada com número correto de quartos-horários.

⏳ Passo 4: A converter para hora de Portugal...
✅ 35132 registos finais (em PT) preparados.

⏳ Passo 5: A preparar dados para o ficheiro 'Tarifarios_🔌_Eletricidade_Tiago_Felicia.xlsx'...
   - A ler a pauta de tempo da aba 'OMIE_PERDAS_CICLOS' para alinhamento...
   - A alinhar preços calculados com a pauta do Excel...
   - 35040 preços (2025/2026) alinhados e prontos a escrever.
   - A carregar 'Tarifarios_🔌_Eletricidade_Tiago_Felicia.xlsx' para escrita...
   - A escrever 35040 preços na Coluna 11 (K)...
✅ O ficheiro Excel foi atualizado com sucesso!
   Data_Valores_OMIE = 2025-11-18
   Data_Valores_OMIP = 2025-11-14
=== FASE 2 (TARIFÁRIOS) TERMINADA: Mon Nov 17 14:28:59 UTC 2025 ===
=== FASE 1 (MIBEL CSV) INICIADA: Mon Nov 17 18:01:31 UTC 2025 ===
✅ Bibliotecas carregadas para [Atualizador de MIBEL_ano_atual_ACUM]
🚀 A iniciar a atualização do ficheiro histórico `MIBEL_atual_ACUM.csv`...

   - 1: A ler histórico local...
     - ✅ 'data/MIBEL_ano_atual_ACUM.csv' lido com sucesso (30912 registos).

   - 2: Última data local: 2025-11-18. A preencher buracos com OMIE Diário desde 2025-11-19...
   - ℹ️ O histórico local já está atualizado. A saltar OMIE Diário.

   - 3: A obter dados da OMIE (ACUM/INDICADORES)...
   - ℹ️ [OMIE] A tentar extrair dados recentes (ACUM, INDICADORES)...
     - [OMIE] A ler dados (ACUM)...
     - [OMIE] A ler dados (INDICADORES)...
   - ✅ [OMIE] 35137 registos recentes extraídos.

   - 4: A combinar e limpar dados...

✅ SUCESSO: 'data/MIBEL_ano_atual_ACUM.csv' foi atualizado com sucesso.
   - Total de registos guardados: 35137
=== FASE 1 (MIBEL CSV) TERMINADA: Mon Nov 17 18:01:33 UTC 2025 ===
=== FASE 2 (TARIFÁRIOS) INICIADA (Houve Mudanças): Mon Nov 17 18:01:34 UTC 2025 ===
/opt/hostedtoolcache/Python/3.11.14/x64/lib/python3.11/site-packages/openpyxl/styles/stylesheet.py:241: UserWarning: Workbook contains no default style, apply openpyxl's default
  warn("Workbook contains no default style, apply openpyxl's default")
/opt/hostedtoolcache/Python/3.11.14/x64/lib/python3.11/site-packages/openpyxl/styles/stylesheet.py:241: UserWarning: Workbook contains no default style, apply openpyxl's default
  warn("Workbook contains no default style, apply openpyxl's default")
✅ Bibliotecas carregadas
ℹ️ Fonte de dados: 'data/MIBEL_ano_atual_ACUM.csv'
⚠️ Dados OMIE e futuros

⏳ Passo 1: A extrair dados de futuros do ficheiro OMIPdaily.xlsx...
   - Data do relatório OMIP extraída: 2025-11-17
✅ Dados de futuros extraídos e processados.

⏳ Passo 2: A ler dados históricos do 'data/MIBEL_ano_atual_ACUM.csv'...
✅ 35137 registos históricos lidos com sucesso.

⏳ Passo 3: A criar calendário e aplicar futuros...
   - A preparar futuros (diários, semanais, mensais, trimestrais)...
   - A fazer merge dos futuros...
   - A propagar futuros dentro dos períodos (fill)...
   - A juntar dados históricos reais...
   - A aplicar hierarquia de preços...
✅ Preços diários (reais e projetados) calculados.
   - A criar grelha quarto-horária futura...
✅ Estrutura ES criada com número correto de quartos-horários.

⏳ Passo 4: A converter para hora de Portugal...
✅ 35132 registos finais (em PT) preparados.

⏳ Passo 5: A preparar dados para o ficheiro 'Tarifarios_🔌_Eletricidade_Tiago_Felicia.xlsx'...
   - A ler a pauta de tempo da aba 'OMIE_PERDAS_CICLOS' para alinhamento...
   - A alinhar preços calculados com a pauta do Excel...
   - 35040 preços (2025/2026) alinhados e prontos a escrever.
   - A carregar 'Tarifarios_🔌_Eletricidade_Tiago_Felicia.xlsx' para escrita...
   - A escrever 35040 preços na Coluna 11 (K)...
✅ O ficheiro Excel foi atualizado com sucesso!
   Data_Valores_OMIE = 2025-11-18
   Data_Valores_OMIP = 2025-11-17
=== FASE 2 (TARIFÁRIOS) TERMINADA: Mon Nov 17 18:02:02 UTC 2025 ===
=== FASE 1 (MIBEL CSV) INICIADA: Mon Nov 17 18:44:06 UTC 2025 ===
✅ Bibliotecas carregadas para [Atualizador de MIBEL_ano_atual_ACUM]
🚀 A iniciar a atualização do ficheiro histórico `MIBEL_atual_ACUM.csv`...

   - 1: A ler histórico local...
     - ✅ 'data/MIBEL_ano_atual_ACUM.csv' lido com sucesso (35137 registos).

   - 2: Última data local: 2025-11-18. A preencher buracos com OMIE Diário desde 2025-11-19...
   - ℹ️ O histórico local já está atualizado. A saltar OMIE Diário.

   - 3: A obter dados da OMIE (ACUM/INDICADORES)...
   - ℹ️ [OMIE] A tentar extrair dados recentes (ACUM, INDICADORES)...
     - [OMIE] A ler dados (ACUM)...
     - [OMIE] A ler dados (INDICADORES)...
   - ✅ [OMIE] 35137 registos recentes extraídos.

   - 4: A combinar e limpar dados...

✅ SUCESSO: 'data/MIBEL_ano_atual_ACUM.csv' foi atualizado com sucesso.
   - Total de registos guardados: 35137
=== FASE 1 (MIBEL CSV) TERMINADA: Mon Nov 17 18:44:08 UTC 2025 ===
=== FASE 2 (TARIFÁRIOS) IGNORADA (Sem Mudanças na Fase 1): Mon Nov 17 18:44:08 UTC 2025 ===
=== FASE 1 (MIBEL CSV) INICIADA: Mon Nov 17 18:50:08 UTC 2025 ===
✅ Bibliotecas carregadas para [Atualizador de MIBEL_ano_atual_ACUM]
🚀 A iniciar a atualização do ficheiro histórico `MIBEL_atual_ACUM.csv`...

   - 1: A ler histórico local...
     - ✅ 'data/MIBEL_ano_atual_ACUM.csv' lido com sucesso (35137 registos).

   - 2: Última data local: 2025-11-18. A preencher buracos com OMIE Diário desde 2025-11-19...
   - ℹ️ O histórico local já está atualizado. A saltar OMIE Diário.

   - 3: A obter dados da OMIE (ACUM/INDICADORES)...
   - ℹ️ [OMIE] A tentar extrair dados recentes (ACUM, INDICADORES)...
     - [OMIE] A ler dados (ACUM)...
     - [OMIE] A ler dados (INDICADORES)...
   - ✅ [OMIE] 35137 registos recentes extraídos.

   - 4: A combinar e limpar dados...

✅ SUCESSO: 'data/MIBEL_ano_atual_ACUM.csv' foi atualizado com sucesso.
   - Total de registos guardados: 35137
=== FASE 1 (MIBEL CSV) TERMINADA: Mon Nov 17 18:50:10 UTC 2025 ===
=== FASE 2 (TARIFÁRIOS) IGNORADA (Sem Mudanças na Fase 1): Mon Nov 17 18:50:10 UTC 2025 ===
=== FASE 1 (MIBEL CSV) INICIADA: Tue Nov 18 11:44:54 UTC 2025 ===

🔵 🚀 A iniciar atualização MIBEL

🔵 [LIVE] A extrair dados ACUM + INDICADORES
       • [ACUM] A descarregar…
       • [ACUM] OK (35137 registos)
       • [INDICADORES] A descarregar…
       • [INDICADORES] OK, dia 2025-11-18 (96 registos)

🔵 [PLANO A] ACUM válido — usar como base
   - Última data na base: 2025-11-18
   - INDICADORES disponível para: 2025-11-18

🔵 [FINAL] A combinar e guardar
   - 💾 Backup criado.
   - ✅ Atualização concluída: 35137 registos
   - 🏁 FIM
=== FASE 1 (MIBEL CSV) TERMINADA: Tue Nov 18 11:44:57 UTC 2025 ===
=== FASE 2 (TARIFÁRIOS) INICIADA (Houve Mudanças): Tue Nov 18 11:44:59 UTC 2025 ===
/opt/hostedtoolcache/Python/3.11.14/x64/lib/python3.11/site-packages/openpyxl/styles/stylesheet.py:241: UserWarning: Workbook contains no default style, apply openpyxl's default
  warn("Workbook contains no default style, apply openpyxl's default")
/opt/hostedtoolcache/Python/3.11.14/x64/lib/python3.11/site-packages/openpyxl/styles/stylesheet.py:241: UserWarning: Workbook contains no default style, apply openpyxl's default
  warn("Workbook contains no default style, apply openpyxl's default")
✅ Bibliotecas carregadas
ℹ️ Fonte de dados: 'data/MIBEL_ano_atual_ACUM.csv'
⚠️ Dados OMIE e futuros

⏳ Passo 1: A extrair dados de futuros do ficheiro OMIPdaily.xlsx...
   - Data do relatório OMIP extraída: 2025-11-17
✅ Dados de futuros extraídos e processados.

⏳ Passo 2: A ler dados históricos do 'data/MIBEL_ano_atual_ACUM.csv'...
✅ 35137 registos históricos lidos com sucesso.

⏳ Passo 3: A criar calendário e aplicar futuros...
   - A preparar futuros (diários, semanais, mensais, trimestrais)...
   - A fazer merge dos futuros...
   - A propagar futuros dentro dos períodos (fill)...
   - A juntar dados históricos reais...
   - A aplicar hierarquia de preços...
✅ Preços diários (reais e projetados) calculados.
   - A criar grelha quarto-horária futura...
✅ Estrutura ES criada com número correto de quartos-horários.

⏳ Passo 4: A converter para hora de Portugal...
✅ 35132 registos finais (em PT) preparados.

⏳ Passo 5: A preparar dados para o ficheiro 'Tarifarios_🔌_Eletricidade_Tiago_Felicia.xlsx'...
   - A ler a pauta de tempo da aba 'OMIE_PERDAS_CICLOS' para alinhamento...
   - A alinhar preços calculados com a pauta do Excel...
   - 35040 preços (2025/2026) alinhados e prontos a escrever.
   - A carregar 'Tarifarios_🔌_Eletricidade_Tiago_Felicia.xlsx' para escrita...
   - A escrever 35040 preços na Coluna 11 (K)...
✅ O ficheiro Excel foi atualizado com sucesso!
   Data_Valores_OMIE = 2025-11-18
   Data_Valores_OMIP = 2025-11-17
=== FASE 2 (TARIFÁRIOS) TERMINADA: Tue Nov 18 11:45:22 UTC 2025 ===
=== FASE 1 (MIBEL CSV) INICIADA: Tue Nov 18 12:26:21 UTC 2025 ===

🔵 🚀 A iniciar atualização MIBEL

🔵 [LIVE] A extrair dados ACUM + INDICADORES
       • [ACUM] A descarregar…
       • [ACUM] OK (35137 registos)
       • [INDICADORES] A descarregar…
       • [INDICADORES] OK, dia 2025-11-19 (96 registos)

🔵 [PLANO A] ACUM válido — usar como base
   - Última data na base: 2025-11-19
   - INDICADORES disponível para: 2025-11-19

🔵 [FINAL] A combinar e guardar
   - 💾 Backup criado.
   - ✅ Atualização concluída: 35233 registos
   - 🏁 FIM
=== FASE 1 (MIBEL CSV) TERMINADA: Tue Nov 18 12:26:23 UTC 2025 ===
=== FASE 2 (TARIFÁRIOS) INICIADA (Houve Mudanças): Tue Nov 18 12:26:24 UTC 2025 ===
/opt/hostedtoolcache/Python/3.11.14/x64/lib/python3.11/site-packages/openpyxl/styles/stylesheet.py:241: UserWarning: Workbook contains no default style, apply openpyxl's default
  warn("Workbook contains no default style, apply openpyxl's default")
/opt/hostedtoolcache/Python/3.11.14/x64/lib/python3.11/site-packages/openpyxl/styles/stylesheet.py:241: UserWarning: Workbook contains no default style, apply openpyxl's default
  warn("Workbook contains no default style, apply openpyxl's default")
✅ Bibliotecas carregadas
ℹ️ Fonte de dados: 'data/MIBEL_ano_atual_ACUM.csv'
⚠️ Dados OMIE e futuros

⏳ Passo 1: A extrair dados de futuros do ficheiro OMIPdaily.xlsx...
   - Data do relatório OMIP extraída: 2025-11-17
✅ Dados de futuros extraídos e processados.

⏳ Passo 2: A ler dados históricos do 'data/MIBEL_ano_atual_ACUM.csv'...
✅ 35233 registos históricos lidos com sucesso.

⏳ Passo 3: A criar calendário e aplicar futuros...
   - A preparar futuros (diários, semanais, mensais, trimestrais)...
   - A fazer merge dos futuros...
   - A propagar futuros dentro dos períodos (fill)...
   - A juntar dados históricos reais...
   - A aplicar hierarquia de preços...
✅ Preços diários (reais e projetados) calculados.
   - A criar grelha quarto-horária futura...
✅ Estrutura ES criada com número correto de quartos-horários.

⏳ Passo 4: A converter para hora de Portugal...
✅ 35132 registos finais (em PT) preparados.

⏳ Passo 5: A preparar dados para o ficheiro 'Tarifarios_🔌_Eletricidade_Tiago_Felicia.xlsx'...
   - A ler a pauta de tempo da aba 'OMIE_PERDAS_CICLOS' para alinhamento...
   - A alinhar preços calculados com a pauta do Excel...
   - 35040 preços (2025/2026) alinhados e prontos a escrever.
   - A carregar 'Tarifarios_🔌_Eletricidade_Tiago_Felicia.xlsx' para escrita...
   - A escrever 35040 preços na Coluna 11 (K)...
✅ O ficheiro Excel foi atualizado com sucesso!
   Data_Valores_OMIE = 2025-11-19
   Data_Valores_OMIP = 2025-11-17
=== FASE 2 (TARIFÁRIOS) TERMINADA: Tue Nov 18 12:26:51 UTC 2025 ===
=== FASE 1 (MIBEL CSV) INICIADA: Tue Nov 18 12:59:26 UTC 2025 ===

🔵 🚀 A iniciar atualização MIBEL

🔵 [LIVE] A extrair dados ACUM + INDICADORES
       • [ACUM] A descarregar…
       • [ACUM] OK (35137 registos)
       • [INDICADORES] A descarregar…
       • [INDICADORES] OK, dia 2025-11-19 (96 registos)

🔵 [PLANO A] ACUM válido — usar como base
   - Última data na base: 2025-11-19
   - INDICADORES disponível para: 2025-11-19

🔵 [FINAL] A combinar e guardar
   - 💾 Backup criado.
   - ✅ Atualização concluída: 35233 registos
   - 🏁 FIM
=== FASE 1 (MIBEL CSV) TERMINADA: Tue Nov 18 12:59:28 UTC 2025 ===
=== FASE 2 (TARIFÁRIOS) IGNORADA (Sem Mudanças na Fase 1): Tue Nov 18 12:59:28 UTC 2025 ===
=== FASE 1 (MIBEL CSV) INICIADA: Tue Nov 18 18:01:50 UTC 2025 ===

🔵 🚀 A iniciar atualização MIBEL

🔵 [LIVE] A extrair dados ACUM + INDICADORES
       • [ACUM] A descarregar…
       • [ACUM] OK (35137 registos)
       • [ACUM] Intervalo temporal: 2024-11-18 → 2025-11-19
       • [INDICADORES] A descarregar…
       • [INDICADORES] OK, dia 2025-11-19 (96 registos)

🔵 [PLANO A] ACUM válido — usar como base
   - Última data na base: 2025-11-19
   - INDICADORES disponível para: 2025-11-19

🔵 [FINAL] A combinar e guardar
   - 💾 Backup criado.
   - ✅ Atualização concluída: 35137 registos
   - 🏁 FIM
=== FASE 1 (MIBEL CSV) TERMINADA: Tue Nov 18 18:01:53 UTC 2025 ===
=== FASE 2 (TARIFÁRIOS) INICIADA (Houve Mudanças): Tue Nov 18 18:01:55 UTC 2025 ===
/opt/hostedtoolcache/Python/3.11.14/x64/lib/python3.11/site-packages/openpyxl/styles/stylesheet.py:241: UserWarning: Workbook contains no default style, apply openpyxl's default
  warn("Workbook contains no default style, apply openpyxl's default")
/opt/hostedtoolcache/Python/3.11.14/x64/lib/python3.11/site-packages/openpyxl/styles/stylesheet.py:241: UserWarning: Workbook contains no default style, apply openpyxl's default
  warn("Workbook contains no default style, apply openpyxl's default")
✅ Bibliotecas carregadas
ℹ️ Fonte de dados: 'data/MIBEL_ano_atual_ACUM.csv'
⚠️ Dados OMIE e futuros

⏳ Passo 1: A extrair dados de futuros do ficheiro OMIPdaily.xlsx...
   - Data do relatório OMIP extraída: 2025-11-18
✅ Dados de futuros extraídos e processados.

⏳ Passo 2: A ler dados históricos do 'data/MIBEL_ano_atual_ACUM.csv'...
✅ 35137 registos históricos lidos com sucesso.

⏳ Passo 3: A criar calendário e aplicar futuros...
   - A preparar futuros (diários, semanais, mensais, trimestrais)...
   - A fazer merge dos futuros...
   - A propagar futuros dentro dos períodos (fill)...
   - A juntar dados históricos reais...
   - A aplicar hierarquia de preços...
✅ Preços diários (reais e projetados) calculados.
   - A criar grelha quarto-horária futura...
✅ Estrutura ES criada com número correto de quartos-horários.

⏳ Passo 4: A converter para hora de Portugal...
✅ 35132 registos finais (em PT) preparados.

⏳ Passo 5: A preparar dados para o ficheiro 'Tarifarios_🔌_Eletricidade_Tiago_Felicia.xlsx'...
   - A ler a pauta de tempo da aba 'OMIE_PERDAS_CICLOS' para alinhamento...
   - A alinhar preços calculados com a pauta do Excel...
   - 35040 preços (2025/2026) alinhados e prontos a escrever.
   - A carregar 'Tarifarios_🔌_Eletricidade_Tiago_Felicia.xlsx' para escrita...
   - A escrever 35040 preços na Coluna 11 (K)...
✅ O ficheiro Excel foi atualizado com sucesso!
   Data_Valores_OMIE = 2025-11-19
   Data_Valores_OMIP = 2025-11-18
=== FASE 2 (TARIFÁRIOS) TERMINADA: Tue Nov 18 18:02:18 UTC 2025 ===
=== FASE 1 (MIBEL CSV) INICIADA: Tue Nov 18 18:45:29 UTC 2025 ===

🔵 🚀 A iniciar atualização MIBEL

🔵 [LIVE] A extrair dados ACUM + INDICADORES
       • [ACUM] A descarregar…
       • [ACUM] OK (35137 registos)
       • [ACUM] Intervalo temporal: 2024-11-18 → 2025-11-19
       • [INDICADORES] A descarregar…
       • [INDICADORES] OK, dia 2025-11-19 (96 registos)

🔵 [PLANO A] ACUM válido — usar como base
   - Última data na base: 2025-11-19
   - INDICADORES disponível para: 2025-11-19

🔵 [FINAL] A combinar e guardar
   - 💾 Backup criado.
   - ✅ Atualização concluída: 35137 registos
   - 🏁 FIM
=== FASE 1 (MIBEL CSV) TERMINADA: Tue Nov 18 18:45:32 UTC 2025 ===
=== FASE 2 (TARIFÁRIOS) IGNORADA (Sem Mudanças na Fase 1): Tue Nov 18 18:45:32 UTC 2025 ===
=== FASE 1 (MIBEL CSV) INICIADA: Tue Nov 18 18:51:54 UTC 2025 ===

🔵 🚀 A iniciar atualização MIBEL

🔵 [LIVE] A extrair dados ACUM + INDICADORES
       • [ACUM] A descarregar…
       • [ACUM] OK (35137 registos)
       • [ACUM] Intervalo temporal: 2024-11-18 → 2025-11-19
       • [INDICADORES] A descarregar…
       • [INDICADORES] OK, dia 2025-11-19 (96 registos)

🔵 [PLANO A] ACUM válido — usar como base
   - Última data na base: 2025-11-19
   - INDICADORES disponível para: 2025-11-19

🔵 [FINAL] A combinar e guardar
   - 💾 Backup criado.
   - ✅ Atualização concluída: 35137 registos
   - 🏁 FIM
=== FASE 1 (MIBEL CSV) TERMINADA: Tue Nov 18 18:51:56 UTC 2025 ===
=== FASE 2 (TARIFÁRIOS) IGNORADA (Sem Mudanças na Fase 1): Tue Nov 18 18:51:56 UTC 2025 ===
=== FASE 1 (MIBEL CSV) INICIADA: Wed Nov 19 08:42:59 UTC 2025 ===

🔵 🚀 A iniciar atualização MIBEL

🔵 [LIVE] A extrair dados ACUM + INDICADORES
       • [ACUM] A descarregar…
       • [ACUM] OK (35137 registos)
       • [ACUM] Intervalo temporal: 2024-11-18 → 2025-11-19
       • [INDICADORES] A descarregar…
       • [INDICADORES] OK, dia 2025-11-19 (96 registos)

🔵 [PLANO A] ACUM válido — usar como base
   - Última data na base: 2025-11-19
   - INDICADORES disponível para: 2025-11-19

🔵 [FINAL] A combinar e guardar
   - 💾 Backup criado.
   - ✅ Atualização concluída: 35137 registos
   - 🏁 FIM
=== FASE 1 (MIBEL CSV) TERMINADA: Wed Nov 19 08:43:01 UTC 2025 ===
=== FASE 2 (TARIFÁRIOS) IGNORADA (Sem Mudanças na Fase 1): Wed Nov 19 08:43:01 UTC 2025 ===
=== FASE 1 (MIBEL CSV) INICIADA: Wed Nov 19 10:24:58 UTC 2025 ===

🔵 🚀 A iniciar atualização MIBEL

🔵 [LIVE] A extrair dados ACUM + INDICADORES
       • [ACUM] A descarregar…
       • [ACUM] OK (35137 registos)
       • [ACUM] Intervalo temporal: 2024-11-18 → 2025-11-19
       • [INDICADORES] A descarregar…
       • [INDICADORES] OK, dia 2025-11-19 (96 registos)

🔵 [PLANO A] ACUM válido — usar como base
   - Última data na base: 2025-11-19
   - INDICADORES disponível para: 2025-11-19

🔵 [FINAL] A combinar e guardar
   - 💾 Backup criado.
   - ✅ Atualização concluída: 35137 registos
   - 🏁 FIM
=== FASE 1 (MIBEL CSV) TERMINADA: Wed Nov 19 10:25:00 UTC 2025 ===
=== FASE 2 (TARIFÁRIOS) IGNORADA (Sem Mudanças na Fase 1): Wed Nov 19 10:25:00 UTC 2025 ===
=== FASE 1 (MIBEL CSV) INICIADA: Wed Nov 19 11:44:19 UTC 2025 ===

🔵 🚀 A iniciar atualização MIBEL

🔵 [LIVE] A extrair dados ACUM + INDICADORES
       • [ACUM] A descarregar…
       • [ACUM] OK (35137 registos)
       • [ACUM] Intervalo temporal: 2024-11-18 → 2025-11-19
       • [INDICADORES] A descarregar…
       • [INDICADORES] OK, dia 2025-11-19 (96 registos)

🔵 [PLANO A] ACUM válido — usar como base
   - Última data na base: 2025-11-19
   - INDICADORES disponível para: 2025-11-19

🔵 [FINAL] A combinar e guardar
   - 💾 Backup criado.
   - ✅ Atualização concluída: 35137 registos
   - 🏁 FIM
=== FASE 1 (MIBEL CSV) TERMINADA: Wed Nov 19 11:44:22 UTC 2025 ===
=== FASE 2 (TARIFÁRIOS) IGNORADA (Sem Mudanças na Fase 1): Wed Nov 19 11:44:22 UTC 2025 ===
=== FASE 1 (MIBEL CSV) INICIADA: Wed Nov 19 12:25:44 UTC 2025 ===

🔵 🚀 A iniciar atualização MIBEL

🔵 [LIVE] A extrair dados ACUM + INDICADORES
       • [ACUM] A descarregar…
       • [ACUM] OK (35137 registos)
       • [ACUM] Intervalo temporal: 2024-11-18 → 2025-11-19
       • [INDICADORES] A descarregar…
       • [INDICADORES] OK, dia 2025-11-20 (96 registos)

🔵 [PLANO A] ACUM válido — usar como base
   - Última data na base: 2025-11-20
   - INDICADORES disponível para: 2025-11-20

🔵 [FINAL] A combinar e guardar
   - 💾 Backup criado.
   - ✅ Atualização concluída: 35233 registos
   - 🏁 FIM
=== FASE 1 (MIBEL CSV) TERMINADA: Wed Nov 19 12:25:47 UTC 2025 ===
=== FASE 2 (TARIFÁRIOS) INICIADA (Houve Mudanças): Wed Nov 19 12:25:48 UTC 2025 ===
/opt/hostedtoolcache/Python/3.11.14/x64/lib/python3.11/site-packages/openpyxl/styles/stylesheet.py:241: UserWarning: Workbook contains no default style, apply openpyxl's default
  warn("Workbook contains no default style, apply openpyxl's default")
/opt/hostedtoolcache/Python/3.11.14/x64/lib/python3.11/site-packages/openpyxl/styles/stylesheet.py:241: UserWarning: Workbook contains no default style, apply openpyxl's default
  warn("Workbook contains no default style, apply openpyxl's default")
✅ Bibliotecas carregadas
ℹ️ Fonte de dados: 'data/MIBEL_ano_atual_ACUM.csv'
⚠️ Dados OMIE e futuros

⏳ Passo 1: A extrair dados de futuros do ficheiro OMIPdaily.xlsx...
   - Data do relatório OMIP extraída: 2025-11-18
✅ Dados de futuros extraídos e processados.

⏳ Passo 2: A ler dados históricos do 'data/MIBEL_ano_atual_ACUM.csv'...
✅ 35233 registos históricos lidos com sucesso.

⏳ Passo 3: A criar calendário e aplicar futuros...
   - A preparar futuros (diários, semanais, mensais, trimestrais)...
   - A fazer merge dos futuros...
   - A propagar futuros dentro dos períodos (fill)...
   - A juntar dados históricos reais...
   - A aplicar hierarquia de preços...
✅ Preços diários (reais e projetados) calculados.
   - A criar grelha quarto-horária futura...
✅ Estrutura ES criada com número correto de quartos-horários.

⏳ Passo 4: A converter para hora de Portugal...
✅ 35132 registos finais (em PT) preparados.

⏳ Passo 5: A preparar dados para o ficheiro 'Tarifarios_🔌_Eletricidade_Tiago_Felicia.xlsx'...
   - A ler a pauta de tempo da aba 'OMIE_PERDAS_CICLOS' para alinhamento...
   - A alinhar preços calculados com a pauta do Excel...
   - 35040 preços (2025/2026) alinhados e prontos a escrever.
   - A carregar 'Tarifarios_🔌_Eletricidade_Tiago_Felicia.xlsx' para escrita...
   - A escrever 35040 preços na Coluna 11 (K)...
✅ O ficheiro Excel foi atualizado com sucesso!
   Data_Valores_OMIE = 2025-11-20
   Data_Valores_OMIP = 2025-11-18
=== FASE 2 (TARIFÁRIOS) TERMINADA: Wed Nov 19 12:26:15 UTC 2025 ===
=== FASE 1 (MIBEL CSV) INICIADA: Wed Nov 19 12:59:25 UTC 2025 ===

🔵 🚀 A iniciar atualização MIBEL

🔵 [LIVE] A extrair dados ACUM + INDICADORES
       • [ACUM] A descarregar…
       • [ACUM] OK (35137 registos)
       • [ACUM] Intervalo temporal: 2024-11-18 → 2025-11-19
       • [INDICADORES] A descarregar…
       • [INDICADORES] OK, dia 2025-11-20 (96 registos)

🔵 [PLANO A] ACUM válido — usar como base
   - Última data na base: 2025-11-20
   - INDICADORES disponível para: 2025-11-20

🔵 [FINAL] A combinar e guardar
   - 💾 Backup criado.
   - ✅ Atualização concluída: 35233 registos
   - 🏁 FIM
=== FASE 1 (MIBEL CSV) TERMINADA: Wed Nov 19 12:59:27 UTC 2025 ===
=== FASE 2 (TARIFÁRIOS) IGNORADA (Sem Mudanças na Fase 1): Wed Nov 19 12:59:27 UTC 2025 ===
=== FASE 1 (MIBEL CSV) INICIADA: Wed Nov 19 18:01:32 UTC 2025 ===

🔵 🚀 A iniciar atualização MIBEL

🔵 [LIVE] A extrair dados ACUM + INDICADORES
       • [ACUM] A descarregar…
       • [ACUM] OK (35137 registos)
       • [ACUM] Intervalo temporal: 2024-11-19 → 2025-11-20
       • [INDICADORES] A descarregar…
       • [INDICADORES] OK, dia 2025-11-20 (96 registos)

🔵 [PLANO A] ACUM válido — usar como base
   - Última data na base: 2025-11-20
   - INDICADORES disponível para: 2025-11-20

🔵 [FINAL] A combinar e guardar
   - 💾 Backup criado.
   - ✅ Atualização concluída: 35137 registos
   - 🏁 FIM
=== FASE 1 (MIBEL CSV) TERMINADA: Wed Nov 19 18:01:34 UTC 2025 ===
=== FASE 2 (TARIFÁRIOS) INICIADA (Houve Mudanças): Wed Nov 19 18:01:35 UTC 2025 ===
/opt/hostedtoolcache/Python/3.11.14/x64/lib/python3.11/site-packages/openpyxl/styles/stylesheet.py:241: UserWarning: Workbook contains no default style, apply openpyxl's default
  warn("Workbook contains no default style, apply openpyxl's default")
/opt/hostedtoolcache/Python/3.11.14/x64/lib/python3.11/site-packages/openpyxl/styles/stylesheet.py:241: UserWarning: Workbook contains no default style, apply openpyxl's default
  warn("Workbook contains no default style, apply openpyxl's default")
✅ Bibliotecas carregadas
ℹ️ Fonte de dados: 'data/MIBEL_ano_atual_ACUM.csv'
⚠️ Dados OMIE e futuros

⏳ Passo 1: A extrair dados de futuros do ficheiro OMIPdaily.xlsx...
   - Data do relatório OMIP extraída: 2025-11-18
✅ Dados de futuros extraídos e processados.

⏳ Passo 2: A ler dados históricos do 'data/MIBEL_ano_atual_ACUM.csv'...
✅ 35137 registos históricos lidos com sucesso.

⏳ Passo 3: A criar calendário e aplicar futuros...
   - A preparar futuros (diários, semanais, mensais, trimestrais)...
   - A fazer merge dos futuros...
   - A propagar futuros dentro dos períodos (fill)...
   - A juntar dados históricos reais...
   - A aplicar hierarquia de preços...
✅ Preços diários (reais e projetados) calculados.
   - A criar grelha quarto-horária futura...
✅ Estrutura ES criada com número correto de quartos-horários.

⏳ Passo 4: A converter para hora de Portugal...
✅ 35132 registos finais (em PT) preparados.

⏳ Passo 5: A preparar dados para o ficheiro 'Tarifarios_🔌_Eletricidade_Tiago_Felicia.xlsx'...
   - A ler a pauta de tempo da aba 'OMIE_PERDAS_CICLOS' para alinhamento...
   - A alinhar preços calculados com a pauta do Excel...
   - 35040 preços (2025/2026) alinhados e prontos a escrever.
   - A carregar 'Tarifarios_🔌_Eletricidade_Tiago_Felicia.xlsx' para escrita...
   - A escrever 35040 preços na Coluna 11 (K)...
✅ O ficheiro Excel foi atualizado com sucesso!
   Data_Valores_OMIE = 2025-11-20
   Data_Valores_OMIP = 2025-11-18
=== FASE 2 (TARIFÁRIOS) TERMINADA: Wed Nov 19 18:02:03 UTC 2025 ===
=== FASE 1 (MIBEL CSV) INICIADA: Wed Nov 19 18:43:50 UTC 2025 ===

🔵 🚀 A iniciar atualização MIBEL

🔵 [LIVE] A extrair dados ACUM + INDICADORES
       • [ACUM] A descarregar…
       • [ACUM] OK (35137 registos)
       • [ACUM] Intervalo temporal: 2024-11-19 → 2025-11-20
       • [INDICADORES] A descarregar…
       • [INDICADORES] OK, dia 2025-11-20 (96 registos)

🔵 [PLANO A] ACUM válido — usar como base
   - Última data na base: 2025-11-20
   - INDICADORES disponível para: 2025-11-20

🔵 [FINAL] A combinar e guardar
   - 💾 Backup criado.
   - ✅ Atualização concluída: 35137 registos
   - 🏁 FIM
=== FASE 1 (MIBEL CSV) TERMINADA: Wed Nov 19 18:43:52 UTC 2025 ===
=== FASE 2 (TARIFÁRIOS) IGNORADA (Sem Mudanças na Fase 1): Wed Nov 19 18:43:52 UTC 2025 ===
=== FASE 1 (MIBEL CSV) INICIADA: Wed Nov 19 18:48:53 UTC 2025 ===

🔵 🚀 A iniciar atualização MIBEL

🔵 [LIVE] A extrair dados ACUM + INDICADORES
       • [ACUM] A descarregar…
       • [ACUM] OK (35137 registos)
       • [ACUM] Intervalo temporal: 2024-11-19 → 2025-11-20
       • [INDICADORES] A descarregar…
       • [INDICADORES] OK, dia 2025-11-20 (96 registos)

🔵 [PLANO A] ACUM válido — usar como base
   - Última data na base: 2025-11-20
   - INDICADORES disponível para: 2025-11-20

🔵 [FINAL] A combinar e guardar
   - 💾 Backup criado.
   - ✅ Atualização concluída: 35137 registos
   - 🏁 FIM
=== FASE 1 (MIBEL CSV) TERMINADA: Wed Nov 19 18:48:55 UTC 2025 ===
=== FASE 2 (TARIFÁRIOS) IGNORADA (Sem Mudanças na Fase 1): Wed Nov 19 18:48:55 UTC 2025 ===
=== FASE 1 (MIBEL CSV) INICIADA: Thu Nov 20 11:44:14 UTC 2025 ===

🔵 🚀 A iniciar atualização MIBEL

🔵 [LIVE] A extrair dados ACUM + INDICADORES
       • [ACUM] A descarregar…
       • [ACUM] OK (35137 registos)
       • [ACUM] Intervalo temporal: 2024-11-19 → 2025-11-20
       • [INDICADORES] A descarregar…
       • [INDICADORES] OK, dia 2025-11-20 (96 registos)

🔵 [PLANO A] ACUM válido — usar como base
   - Última data na base: 2025-11-20
   - INDICADORES disponível para: 2025-11-20

🔵 [FINAL] A combinar e guardar
   - 💾 Backup criado.
   - ✅ Atualização concluída: 35137 registos
   - 🏁 FIM
=== FASE 1 (MIBEL CSV) TERMINADA: Thu Nov 20 11:44:17 UTC 2025 ===
=== FASE 2 (TARIFÁRIOS) IGNORADA (Sem Mudanças na Fase 1): Thu Nov 20 11:44:17 UTC 2025 ===
=== FASE 1 (MIBEL CSV) INICIADA: Thu Nov 20 12:25:31 UTC 2025 ===

🔵 🚀 A iniciar atualização MIBEL

🔵 [LIVE] A extrair dados ACUM + INDICADORES
       • [ACUM] A descarregar…
       • [ACUM] OK (35137 registos)
       • [ACUM] Intervalo temporal: 2024-11-19 → 2025-11-20
       • [INDICADORES] A descarregar…
       • [INDICADORES] OK, dia 2025-11-21 (96 registos)

🔵 [PLANO A] ACUM válido — usar como base
   - Última data na base: 2025-11-21
   - INDICADORES disponível para: 2025-11-21

🔵 [FINAL] A combinar e guardar
   - 💾 Backup criado.
   - ✅ Atualização concluída: 35233 registos
   - 🏁 FIM
=== FASE 1 (MIBEL CSV) TERMINADA: Thu Nov 20 12:25:33 UTC 2025 ===
=== FASE 2 (TARIFÁRIOS) INICIADA (Houve Mudanças): Thu Nov 20 12:25:34 UTC 2025 ===
/opt/hostedtoolcache/Python/3.11.14/x64/lib/python3.11/site-packages/openpyxl/styles/stylesheet.py:241: UserWarning: Workbook contains no default style, apply openpyxl's default
  warn("Workbook contains no default style, apply openpyxl's default")
/opt/hostedtoolcache/Python/3.11.14/x64/lib/python3.11/site-packages/openpyxl/styles/stylesheet.py:241: UserWarning: Workbook contains no default style, apply openpyxl's default
  warn("Workbook contains no default style, apply openpyxl's default")
✅ Bibliotecas carregadas
ℹ️ Fonte de dados: 'data/MIBEL_ano_atual_ACUM.csv'
⚠️ Dados OMIE e futuros

⏳ Passo 1: A extrair dados de futuros do ficheiro OMIPdaily.xlsx...
   - Data do relatório OMIP extraída: 2025-11-19
✅ Dados de futuros extraídos e processados.

⏳ Passo 2: A ler dados históricos do 'data/MIBEL_ano_atual_ACUM.csv'...
✅ 35233 registos históricos lidos com sucesso.

⏳ Passo 3: A criar calendário e aplicar futuros...
   - A preparar futuros (diários, semanais, mensais, trimestrais)...
   - A fazer merge dos futuros...
   - A propagar futuros dentro dos períodos (fill)...
   - A juntar dados históricos reais...
   - A aplicar hierarquia de preços...
✅ Preços diários (reais e projetados) calculados.
   - A criar grelha quarto-horária futura...
✅ Estrutura ES criada com número correto de quartos-horários.

⏳ Passo 4: A converter para hora de Portugal...
✅ 35132 registos finais (em PT) preparados.

⏳ Passo 5: A preparar dados para o ficheiro 'Tarifarios_🔌_Eletricidade_Tiago_Felicia.xlsx'...
   - A ler a pauta de tempo da aba 'OMIE_PERDAS_CICLOS' para alinhamento...
   - A alinhar preços calculados com a pauta do Excel...
   - 35040 preços (2025/2026) alinhados e prontos a escrever.
   - A carregar 'Tarifarios_🔌_Eletricidade_Tiago_Felicia.xlsx' para escrita...
   - A escrever 35040 preços na Coluna 11 (K)...
✅ O ficheiro Excel foi atualizado com sucesso!
   Data_Valores_OMIE = 2025-11-21
   Data_Valores_OMIP = 2025-11-19
=== FASE 2 (TARIFÁRIOS) TERMINADA: Thu Nov 20 12:26:01 UTC 2025 ===
=== FASE 1 (MIBEL CSV) INICIADA: Thu Nov 20 12:58:00 UTC 2025 ===

🔵 🚀 A iniciar atualização MIBEL

🔵 [LIVE] A extrair dados ACUM + INDICADORES
       • [ACUM] A descarregar…
       • [ACUM] OK (35137 registos)
       • [ACUM] Intervalo temporal: 2024-11-19 → 2025-11-20
       • [INDICADORES] A descarregar…
       • [INDICADORES] OK, dia 2025-11-21 (96 registos)

🔵 [PLANO A] ACUM válido — usar como base
   - Última data na base: 2025-11-21
   - INDICADORES disponível para: 2025-11-21

🔵 [FINAL] A combinar e guardar
   - 💾 Backup criado.
   - ✅ Atualização concluída: 35233 registos
   - 🏁 FIM
=== FASE 1 (MIBEL CSV) TERMINADA: Thu Nov 20 12:58:02 UTC 2025 ===
=== FASE 2 (TARIFÁRIOS) IGNORADA (Sem Mudanças na Fase 1): Thu Nov 20 12:58:02 UTC 2025 ===
=== FASE 1 (MIBEL CSV) INICIADA: Thu Nov 20 18:01:28 UTC 2025 ===

🔵 🚀 A iniciar atualização MIBEL

🔵 [LIVE] A extrair dados ACUM + INDICADORES
       • [ACUM] A descarregar…
       • [ACUM] OK (35137 registos)
       • [ACUM] Intervalo temporal: 2024-11-20 → 2025-11-21
       • [INDICADORES] A descarregar…
       • [INDICADORES] OK, dia 2025-11-21 (96 registos)

🔵 [PLANO A] ACUM válido — usar como base
   - Última data na base: 2025-11-21
   - INDICADORES disponível para: 2025-11-21

🔵 [FINAL] A combinar e guardar
   - 💾 Backup criado.
   - ✅ Atualização concluída: 35137 registos
   - 🏁 FIM
=== FASE 1 (MIBEL CSV) TERMINADA: Thu Nov 20 18:01:29 UTC 2025 ===
=== FASE 2 (TARIFÁRIOS) INICIADA (Houve Mudanças): Thu Nov 20 18:01:30 UTC 2025 ===
/opt/hostedtoolcache/Python/3.11.14/x64/lib/python3.11/site-packages/openpyxl/styles/stylesheet.py:241: UserWarning: Workbook contains no default style, apply openpyxl's default
  warn("Workbook contains no default style, apply openpyxl's default")
/opt/hostedtoolcache/Python/3.11.14/x64/lib/python3.11/site-packages/openpyxl/styles/stylesheet.py:241: UserWarning: Workbook contains no default style, apply openpyxl's default
  warn("Workbook contains no default style, apply openpyxl's default")
✅ Bibliotecas carregadas
ℹ️ Fonte de dados: 'data/MIBEL_ano_atual_ACUM.csv'
⚠️ Dados OMIE e futuros

⏳ Passo 1: A extrair dados de futuros do ficheiro OMIPdaily.xlsx...
   - Data do relatório OMIP extraída: 2025-11-20
✅ Dados de futuros extraídos e processados.

⏳ Passo 2: A ler dados históricos do 'data/MIBEL_ano_atual_ACUM.csv'...
✅ 35137 registos históricos lidos com sucesso.

⏳ Passo 3: A criar calendário e aplicar futuros...
   - A preparar futuros (diários, semanais, mensais, trimestrais)...
   - A fazer merge dos futuros...
   - A propagar futuros dentro dos períodos (fill)...
   - A juntar dados históricos reais...
   - A aplicar hierarquia de preços...
✅ Preços diários (reais e projetados) calculados.
   - A criar grelha quarto-horária futura...
✅ Estrutura ES criada com número correto de quartos-horários.

⏳ Passo 4: A converter para hora de Portugal...
✅ 35132 registos finais (em PT) preparados.

⏳ Passo 5: A preparar dados para o ficheiro 'Tarifarios_🔌_Eletricidade_Tiago_Felicia.xlsx'...
   - A ler a pauta de tempo da aba 'OMIE_PERDAS_CICLOS' para alinhamento...
   - A alinhar preços calculados com a pauta do Excel...
   - 35040 preços (2025/2026) alinhados e prontos a escrever.
   - A carregar 'Tarifarios_🔌_Eletricidade_Tiago_Felicia.xlsx' para escrita...
   - A escrever 35040 preços na Coluna 11 (K)...
✅ O ficheiro Excel foi atualizado com sucesso!
   Data_Valores_OMIE = 2025-11-21
   Data_Valores_OMIP = 2025-11-20
=== FASE 2 (TARIFÁRIOS) TERMINADA: Thu Nov 20 18:01:58 UTC 2025 ===
=== FASE 1 (MIBEL CSV) INICIADA: Thu Nov 20 18:44:53 UTC 2025 ===

🔵 🚀 A iniciar atualização MIBEL

🔵 [LIVE] A extrair dados ACUM + INDICADORES
       • [ACUM] A descarregar…
       • [ACUM] OK (35137 registos)
       • [ACUM] Intervalo temporal: 2024-11-20 → 2025-11-21
       • [INDICADORES] A descarregar…
       • [INDICADORES] OK, dia 2025-11-21 (96 registos)

🔵 [PLANO A] ACUM válido — usar como base
   - Última data na base: 2025-11-21
   - INDICADORES disponível para: 2025-11-21

🔵 [FINAL] A combinar e guardar
   - 💾 Backup criado.
   - ✅ Atualização concluída: 35137 registos
   - 🏁 FIM
=== FASE 1 (MIBEL CSV) TERMINADA: Thu Nov 20 18:44:55 UTC 2025 ===
=== FASE 2 (TARIFÁRIOS) IGNORADA (Sem Mudanças na Fase 1): Thu Nov 20 18:44:55 UTC 2025 ===
=== FASE 1 (MIBEL CSV) INICIADA: Thu Nov 20 18:50:54 UTC 2025 ===

🔵 🚀 A iniciar atualização MIBEL

🔵 [LIVE] A extrair dados ACUM + INDICADORES
       • [ACUM] A descarregar…
       • [ACUM] OK (35137 registos)
       • [ACUM] Intervalo temporal: 2024-11-20 → 2025-11-21
       • [INDICADORES] A descarregar…
       • [INDICADORES] OK, dia 2025-11-21 (96 registos)

🔵 [PLANO A] ACUM válido — usar como base
   - Última data na base: 2025-11-21
   - INDICADORES disponível para: 2025-11-21

🔵 [FINAL] A combinar e guardar
   - 💾 Backup criado.
   - ✅ Atualização concluída: 35137 registos
   - 🏁 FIM
=== FASE 1 (MIBEL CSV) TERMINADA: Thu Nov 20 18:50:56 UTC 2025 ===
=== FASE 2 (TARIFÁRIOS) IGNORADA (Sem Mudanças na Fase 1): Thu Nov 20 18:50:56 UTC 2025 ===
=== FASE 1 (MIBEL CSV) INICIADA: Fri Nov 21 11:44:19 UTC 2025 ===

🔵 🚀 A iniciar atualização MIBEL

🔵 [LIVE] A extrair dados ACUM + INDICADORES
       • [ACUM] A descarregar…
       • [ACUM] OK (35137 registos)
       • [ACUM] Intervalo temporal: 2024-11-20 → 2025-11-21
       • [INDICADORES] A descarregar…
       • [INDICADORES] OK, dia 2025-11-21 (96 registos)

🔵 [PLANO A] ACUM válido — usar como base
   - Última data na base: 2025-11-21
   - INDICADORES disponível para: 2025-11-21

🔵 [FINAL] A combinar e guardar
   - 💾 Backup criado.
   - ✅ Atualização concluída: 35137 registos
   - 🏁 FIM
=== FASE 1 (MIBEL CSV) TERMINADA: Fri Nov 21 11:44:22 UTC 2025 ===
=== FASE 2 (TARIFÁRIOS) IGNORADA (Sem Mudanças na Fase 1): Fri Nov 21 11:44:22 UTC 2025 ===
=== FASE 1 (MIBEL CSV) INICIADA: Fri Nov 21 12:24:12 UTC 2025 ===

🔵 🚀 A iniciar atualização MIBEL

🔵 [LIVE] A extrair dados ACUM + INDICADORES
       • [ACUM] A descarregar…
       • [ACUM] OK (35137 registos)
       • [ACUM] Intervalo temporal: 2024-11-20 → 2025-11-21
       • [INDICADORES] A descarregar…
       • [INDICADORES] OK, dia 2025-11-22 (96 registos)

🔵 [PLANO A] ACUM válido — usar como base
   - Última data na base: 2025-11-22
   - INDICADORES disponível para: 2025-11-22

🔵 [FINAL] A combinar e guardar
   - 💾 Backup criado.
   - ✅ Atualização concluída: 35233 registos
   - 🏁 FIM
=== FASE 1 (MIBEL CSV) TERMINADA: Fri Nov 21 12:24:14 UTC 2025 ===
=== FASE 2 (TARIFÁRIOS) INICIADA (Houve Mudanças): Fri Nov 21 12:24:15 UTC 2025 ===
/opt/hostedtoolcache/Python/3.11.14/x64/lib/python3.11/site-packages/openpyxl/styles/stylesheet.py:241: UserWarning: Workbook contains no default style, apply openpyxl's default
  warn("Workbook contains no default style, apply openpyxl's default")
/opt/hostedtoolcache/Python/3.11.14/x64/lib/python3.11/site-packages/openpyxl/styles/stylesheet.py:241: UserWarning: Workbook contains no default style, apply openpyxl's default
  warn("Workbook contains no default style, apply openpyxl's default")
✅ Bibliotecas carregadas
ℹ️ Fonte de dados: 'data/MIBEL_ano_atual_ACUM.csv'
⚠️ Dados OMIE e futuros

⏳ Passo 1: A extrair dados de futuros do ficheiro OMIPdaily.xlsx...
   - Data do relatório OMIP extraída: 2025-11-20
✅ Dados de futuros extraídos e processados.

⏳ Passo 2: A ler dados históricos do 'data/MIBEL_ano_atual_ACUM.csv'...
✅ 35233 registos históricos lidos com sucesso.

⏳ Passo 3: A criar calendário e aplicar futuros...
   - A preparar futuros (diários, semanais, mensais, trimestrais)...
   - A fazer merge dos futuros...
   - A propagar futuros dentro dos períodos (fill)...
   - A juntar dados históricos reais...
   - A aplicar hierarquia de preços...
✅ Preços diários (reais e projetados) calculados.
   - A criar grelha quarto-horária futura...
✅ Estrutura ES criada com número correto de quartos-horários.

⏳ Passo 4: A converter para hora de Portugal...
✅ 35132 registos finais (em PT) preparados.

⏳ Passo 5: A preparar dados para o ficheiro 'Tarifarios_🔌_Eletricidade_Tiago_Felicia.xlsx'...
   - A ler a pauta de tempo da aba 'OMIE_PERDAS_CICLOS' para alinhamento...
   - A alinhar preços calculados com a pauta do Excel...
   - 35040 preços (2025/2026) alinhados e prontos a escrever.
   - A carregar 'Tarifarios_🔌_Eletricidade_Tiago_Felicia.xlsx' para escrita...
   - A escrever 35040 preços na Coluna 11 (K)...
✅ O ficheiro Excel foi atualizado com sucesso!
   Data_Valores_OMIE = 2025-11-22
   Data_Valores_OMIP = 2025-11-20
=== FASE 2 (TARIFÁRIOS) TERMINADA: Fri Nov 21 12:24:43 UTC 2025 ===
=== FASE 1 (MIBEL CSV) INICIADA: Fri Nov 21 12:57:13 UTC 2025 ===

🔵 🚀 A iniciar atualização MIBEL

🔵 [LIVE] A extrair dados ACUM + INDICADORES
       • [ACUM] A descarregar…
       • [ACUM] OK (35137 registos)
       • [ACUM] Intervalo temporal: 2024-11-20 → 2025-11-21
       • [INDICADORES] A descarregar…
       • [INDICADORES] OK, dia 2025-11-22 (96 registos)

🔵 [PLANO A] ACUM válido — usar como base
   - Última data na base: 2025-11-22
   - INDICADORES disponível para: 2025-11-22

🔵 [FINAL] A combinar e guardar
   - 💾 Backup criado.
   - ✅ Atualização concluída: 35233 registos
   - 🏁 FIM
=== FASE 1 (MIBEL CSV) TERMINADA: Fri Nov 21 12:57:16 UTC 2025 ===
=== FASE 2 (TARIFÁRIOS) IGNORADA (Sem Mudanças na Fase 1): Fri Nov 21 12:57:16 UTC 2025 ===
=== FASE 1 (MIBEL CSV) INICIADA: Fri Nov 21 18:13:01 UTC 2025 ===

🔵 🚀 A iniciar atualização MIBEL

🔵 [LIVE] A extrair dados ACUM + INDICADORES
       • [ACUM] A descarregar…
       • [ACUM] OK (35137 registos)
       • [ACUM] Intervalo temporal: 2024-11-21 → 2025-11-22
       • [INDICADORES] A descarregar…
       • [INDICADORES] OK, dia 2025-11-22 (96 registos)

🔵 [PLANO A] ACUM válido — usar como base
   - Última data na base: 2025-11-22
   - INDICADORES disponível para: 2025-11-22

🔵 [FINAL] A combinar e guardar
   - 💾 Backup criado.
   - ✅ Atualização concluída: 35137 registos
   - 🏁 FIM
=== FASE 1 (MIBEL CSV) TERMINADA: Fri Nov 21 18:13:03 UTC 2025 ===
=== FASE 2 (TARIFÁRIOS) INICIADA (Houve Mudanças): Fri Nov 21 18:13:05 UTC 2025 ===
/opt/hostedtoolcache/Python/3.11.14/x64/lib/python3.11/site-packages/openpyxl/styles/stylesheet.py:241: UserWarning: Workbook contains no default style, apply openpyxl's default
  warn("Workbook contains no default style, apply openpyxl's default")
/opt/hostedtoolcache/Python/3.11.14/x64/lib/python3.11/site-packages/openpyxl/styles/stylesheet.py:241: UserWarning: Workbook contains no default style, apply openpyxl's default
  warn("Workbook contains no default style, apply openpyxl's default")
✅ Bibliotecas carregadas
ℹ️ Fonte de dados: 'data/MIBEL_ano_atual_ACUM.csv'
⚠️ Dados OMIE e futuros

⏳ Passo 1: A extrair dados de futuros do ficheiro OMIPdaily.xlsx...
   - Data do relatório OMIP extraída: 2025-11-20
✅ Dados de futuros extraídos e processados.

⏳ Passo 2: A ler dados históricos do 'data/MIBEL_ano_atual_ACUM.csv'...
✅ 35137 registos históricos lidos com sucesso.

⏳ Passo 3: A criar calendário e aplicar futuros...
   - A preparar futuros (diários, semanais, mensais, trimestrais)...
   - A fazer merge dos futuros...
   - A propagar futuros dentro dos períodos (fill)...
   - A juntar dados históricos reais...
   - A aplicar hierarquia de preços...
✅ Preços diários (reais e projetados) calculados.
   - A criar grelha quarto-horária futura...
✅ Estrutura ES criada com número correto de quartos-horários.

⏳ Passo 4: A converter para hora de Portugal...
✅ 35132 registos finais (em PT) preparados.

⏳ Passo 5: A preparar dados para o ficheiro 'Tarifarios_🔌_Eletricidade_Tiago_Felicia.xlsx'...
   - A ler a pauta de tempo da aba 'OMIE_PERDAS_CICLOS' para alinhamento...
   - A alinhar preços calculados com a pauta do Excel...
   - 35040 preços (2025/2026) alinhados e prontos a escrever.
   - A carregar 'Tarifarios_🔌_Eletricidade_Tiago_Felicia.xlsx' para escrita...
   - A escrever 35040 preços na Coluna 11 (K)...
✅ O ficheiro Excel foi atualizado com sucesso!
   Data_Valores_OMIE = 2025-11-22
   Data_Valores_OMIP = 2025-11-20
=== FASE 2 (TARIFÁRIOS) TERMINADA: Fri Nov 21 18:13:32 UTC 2025 ===
=== FASE 1 (MIBEL CSV) INICIADA: Fri Nov 21 18:39:01 UTC 2025 ===

🔵 🚀 A iniciar atualização MIBEL

🔵 [LIVE] A extrair dados ACUM + INDICADORES
       • [ACUM] A descarregar…
       • [ACUM] OK (35137 registos)
       • [ACUM] Intervalo temporal: 2024-11-21 → 2025-11-22
       • [INDICADORES] A descarregar…
       • [INDICADORES] OK, dia 2025-11-22 (96 registos)

🔵 [PLANO A] ACUM válido — usar como base
   - Última data na base: 2025-11-22
   - INDICADORES disponível para: 2025-11-22

🔵 [FINAL] A combinar e guardar
   - 💾 Backup criado.
   - ✅ Atualização concluída: 35137 registos
   - 🏁 FIM
=== FASE 1 (MIBEL CSV) TERMINADA: Fri Nov 21 18:39:04 UTC 2025 ===
=== FASE 2 (TARIFÁRIOS) IGNORADA (Sem Mudanças na Fase 1): Fri Nov 21 18:39:04 UTC 2025 ===
=== FASE 1 (MIBEL CSV) INICIADA: Fri Nov 21 18:46:52 UTC 2025 ===

🔵 🚀 A iniciar atualização MIBEL

🔵 [LIVE] A extrair dados ACUM + INDICADORES
       • [ACUM] A descarregar…
       • [ACUM] OK (35137 registos)
       • [ACUM] Intervalo temporal: 2024-11-21 → 2025-11-22
       • [INDICADORES] A descarregar…
       • [INDICADORES] OK, dia 2025-11-22 (96 registos)

🔵 [PLANO A] ACUM válido — usar como base
   - Última data na base: 2025-11-22
   - INDICADORES disponível para: 2025-11-22

🔵 [FINAL] A combinar e guardar
   - 💾 Backup criado.
   - ✅ Atualização concluída: 35137 registos
   - 🏁 FIM
=== FASE 1 (MIBEL CSV) TERMINADA: Fri Nov 21 18:46:54 UTC 2025 ===
=== FASE 2 (TARIFÁRIOS) IGNORADA (Sem Mudanças na Fase 1): Fri Nov 21 18:46:54 UTC 2025 ===
=== FASE 1 (MIBEL CSV) INICIADA: Sat Nov 22 11:43:42 UTC 2025 ===

🔵 🚀 A iniciar atualização MIBEL

🔵 [LIVE] A extrair dados ACUM + INDICADORES
       • [ACUM] A descarregar…
       • [ACUM] OK (35137 registos)
       • [ACUM] Intervalo temporal: 2024-11-21 → 2025-11-22
       • [INDICADORES] A descarregar…
       • [INDICADORES] OK, dia 2025-11-22 (96 registos)

🔵 [PLANO A] ACUM válido — usar como base
   - Última data na base: 2025-11-22
   - INDICADORES disponível para: 2025-11-22

🔵 [FINAL] A combinar e guardar
   - 💾 Backup criado.
   - ✅ Atualização concluída: 35137 registos
   - 🏁 FIM
=== FASE 1 (MIBEL CSV) TERMINADA: Sat Nov 22 11:43:44 UTC 2025 ===
=== FASE 2 (TARIFÁRIOS) IGNORADA (Sem Mudanças na Fase 1): Sat Nov 22 11:43:44 UTC 2025 ===
=== FASE 1 (MIBEL CSV) INICIADA: Sat Nov 22 12:21:22 UTC 2025 ===

🔵 🚀 A iniciar atualização MIBEL

🔵 [LIVE] A extrair dados ACUM + INDICADORES
       • [ACUM] A descarregar…
       • [ACUM] OK (35137 registos)
       • [ACUM] Intervalo temporal: 2024-11-21 → 2025-11-22
       • [INDICADORES] A descarregar…
       • [INDICADORES] OK, dia 2025-11-23 (96 registos)

🔵 [PLANO A] ACUM válido — usar como base
   - Última data na base: 2025-11-23
   - INDICADORES disponível para: 2025-11-23

🔵 [FINAL] A combinar e guardar
   - 💾 Backup criado.
   - ✅ Atualização concluída: 35233 registos
   - 🏁 FIM
=== FASE 1 (MIBEL CSV) TERMINADA: Sat Nov 22 12:21:24 UTC 2025 ===
=== FASE 2 (TARIFÁRIOS) INICIADA (Houve Mudanças): Sat Nov 22 12:21:24 UTC 2025 ===
/opt/hostedtoolcache/Python/3.11.14/x64/lib/python3.11/site-packages/openpyxl/styles/stylesheet.py:241: UserWarning: Workbook contains no default style, apply openpyxl's default
  warn("Workbook contains no default style, apply openpyxl's default")
/opt/hostedtoolcache/Python/3.11.14/x64/lib/python3.11/site-packages/openpyxl/styles/stylesheet.py:241: UserWarning: Workbook contains no default style, apply openpyxl's default
  warn("Workbook contains no default style, apply openpyxl's default")
✅ Bibliotecas carregadas
ℹ️ Fonte de dados: 'data/MIBEL_ano_atual_ACUM.csv'
⚠️ Dados OMIE e futuros

⏳ Passo 1: A extrair dados de futuros do ficheiro OMIPdaily.xlsx...
   - Data do relatório OMIP extraída: 2025-11-21
✅ Dados de futuros extraídos e processados.

⏳ Passo 2: A ler dados históricos do 'data/MIBEL_ano_atual_ACUM.csv'...
✅ 35233 registos históricos lidos com sucesso.

⏳ Passo 3: A criar calendário e aplicar futuros...
   - A preparar futuros (diários, semanais, mensais, trimestrais)...
   - A fazer merge dos futuros...
   - A propagar futuros dentro dos períodos (fill)...
   - A juntar dados históricos reais...
   - A aplicar hierarquia de preços...
✅ Preços diários (reais e projetados) calculados.
   - A criar grelha quarto-horária futura...
✅ Estrutura ES criada com número correto de quartos-horários.

⏳ Passo 4: A converter para hora de Portugal...
✅ 35132 registos finais (em PT) preparados.

⏳ Passo 5: A preparar dados para o ficheiro 'Tarifarios_🔌_Eletricidade_Tiago_Felicia.xlsx'...
   - A ler a pauta de tempo da aba 'OMIE_PERDAS_CICLOS' para alinhamento...
   - A alinhar preços calculados com a pauta do Excel...
   - 35040 preços (2025/2026) alinhados e prontos a escrever.
   - A carregar 'Tarifarios_🔌_Eletricidade_Tiago_Felicia.xlsx' para escrita...
   - A escrever 35040 preços na Coluna 11 (K)...
✅ O ficheiro Excel foi atualizado com sucesso!
   Data_Valores_OMIE = 2025-11-23
   Data_Valores_OMIP = 2025-11-21
=== FASE 2 (TARIFÁRIOS) TERMINADA: Sat Nov 22 12:21:51 UTC 2025 ===
=== FASE 1 (MIBEL CSV) INICIADA: Sat Nov 22 12:51:04 UTC 2025 ===

🔵 🚀 A iniciar atualização MIBEL

🔵 [LIVE] A extrair dados ACUM + INDICADORES
       • [ACUM] A descarregar…
       • [ACUM] OK (35137 registos)
       • [ACUM] Intervalo temporal: 2024-11-21 → 2025-11-22
       • [INDICADORES] A descarregar…
       • [INDICADORES] OK, dia 2025-11-23 (96 registos)

🔵 [PLANO A] ACUM válido — usar como base
   - Última data na base: 2025-11-23
   - INDICADORES disponível para: 2025-11-23

🔵 [FINAL] A combinar e guardar
   - 💾 Backup criado.
   - ✅ Atualização concluída: 35233 registos
   - 🏁 FIM
=== FASE 1 (MIBEL CSV) TERMINADA: Sat Nov 22 12:51:06 UTC 2025 ===
=== FASE 2 (TARIFÁRIOS) IGNORADA (Sem Mudanças na Fase 1): Sat Nov 22 12:51:06 UTC 2025 ===
=== FASE 1 (MIBEL CSV) INICIADA: Sun Nov 23 11:44:09 UTC 2025 ===

🔵 🚀 A iniciar atualização MIBEL

🔵 [LIVE] A extrair dados ACUM + INDICADORES
       • [ACUM] A descarregar…
       • [ACUM] OK (35137 registos)
       • [ACUM] Intervalo temporal: 2024-11-22 → 2025-11-23
       • [INDICADORES] A descarregar…
       • [INDICADORES] OK, dia 2025-11-23 (96 registos)

🔵 [PLANO A] ACUM válido — usar como base
   - Última data na base: 2025-11-23
   - INDICADORES disponível para: 2025-11-23

🔵 [FINAL] A combinar e guardar
   - 💾 Backup criado.
   - ✅ Atualização concluída: 35137 registos
   - 🏁 FIM
=== FASE 1 (MIBEL CSV) TERMINADA: Sun Nov 23 11:44:11 UTC 2025 ===
=== FASE 2 (TARIFÁRIOS) INICIADA (Houve Mudanças): Sun Nov 23 11:44:13 UTC 2025 ===
/opt/hostedtoolcache/Python/3.11.14/x64/lib/python3.11/site-packages/openpyxl/styles/stylesheet.py:241: UserWarning: Workbook contains no default style, apply openpyxl's default
  warn("Workbook contains no default style, apply openpyxl's default")
/opt/hostedtoolcache/Python/3.11.14/x64/lib/python3.11/site-packages/openpyxl/styles/stylesheet.py:241: UserWarning: Workbook contains no default style, apply openpyxl's default
  warn("Workbook contains no default style, apply openpyxl's default")
✅ Bibliotecas carregadas
ℹ️ Fonte de dados: 'data/MIBEL_ano_atual_ACUM.csv'
⚠️ Dados OMIE e futuros

⏳ Passo 1: A extrair dados de futuros do ficheiro OMIPdaily.xlsx...
   - Data do relatório OMIP extraída: 2025-11-21
✅ Dados de futuros extraídos e processados.

⏳ Passo 2: A ler dados históricos do 'data/MIBEL_ano_atual_ACUM.csv'...
✅ 35137 registos históricos lidos com sucesso.

⏳ Passo 3: A criar calendário e aplicar futuros...
   - A preparar futuros (diários, semanais, mensais, trimestrais)...
   - A fazer merge dos futuros...
   - A propagar futuros dentro dos períodos (fill)...
   - A juntar dados históricos reais...
   - A aplicar hierarquia de preços...
✅ Preços diários (reais e projetados) calculados.
   - A criar grelha quarto-horária futura...
✅ Estrutura ES criada com número correto de quartos-horários.

⏳ Passo 4: A converter para hora de Portugal...
✅ 35132 registos finais (em PT) preparados.

⏳ Passo 5: A preparar dados para o ficheiro 'Tarifarios_🔌_Eletricidade_Tiago_Felicia.xlsx'...
   - A ler a pauta de tempo da aba 'OMIE_PERDAS_CICLOS' para alinhamento...
   - A alinhar preços calculados com a pauta do Excel...
   - 35040 preços (2025/2026) alinhados e prontos a escrever.
   - A carregar 'Tarifarios_🔌_Eletricidade_Tiago_Felicia.xlsx' para escrita...
   - A escrever 35040 preços na Coluna 11 (K)...
✅ O ficheiro Excel foi atualizado com sucesso!
   Data_Valores_OMIE = 2025-11-23
   Data_Valores_OMIP = 2025-11-21
=== FASE 2 (TARIFÁRIOS) TERMINADA: Sun Nov 23 11:44:40 UTC 2025 ===
=== FASE 1 (MIBEL CSV) INICIADA: Sun Nov 23 12:21:11 UTC 2025 ===

🔵 🚀 A iniciar atualização MIBEL

🔵 [LIVE] A extrair dados ACUM + INDICADORES
       • [ACUM] A descarregar…
       • [ACUM] OK (35137 registos)
       • [ACUM] Intervalo temporal: 2024-11-22 → 2025-11-23
       • [INDICADORES] A descarregar…
       • [INDICADORES] OK, dia 2025-11-24 (96 registos)

🔵 [PLANO A] ACUM válido — usar como base
   - Última data na base: 2025-11-24
   - INDICADORES disponível para: 2025-11-24

🔵 [FINAL] A combinar e guardar
   - 💾 Backup criado.
   - ✅ Atualização concluída: 35233 registos
   - 🏁 FIM
=== FASE 1 (MIBEL CSV) TERMINADA: Sun Nov 23 12:21:13 UTC 2025 ===
=== FASE 2 (TARIFÁRIOS) INICIADA (Houve Mudanças): Sun Nov 23 12:21:14 UTC 2025 ===
/opt/hostedtoolcache/Python/3.11.14/x64/lib/python3.11/site-packages/openpyxl/styles/stylesheet.py:241: UserWarning: Workbook contains no default style, apply openpyxl's default
  warn("Workbook contains no default style, apply openpyxl's default")
/opt/hostedtoolcache/Python/3.11.14/x64/lib/python3.11/site-packages/openpyxl/styles/stylesheet.py:241: UserWarning: Workbook contains no default style, apply openpyxl's default
  warn("Workbook contains no default style, apply openpyxl's default")
✅ Bibliotecas carregadas
ℹ️ Fonte de dados: 'data/MIBEL_ano_atual_ACUM.csv'
⚠️ Dados OMIE e futuros

⏳ Passo 1: A extrair dados de futuros do ficheiro OMIPdaily.xlsx...
   - Data do relatório OMIP extraída: 2025-11-21
✅ Dados de futuros extraídos e processados.

⏳ Passo 2: A ler dados históricos do 'data/MIBEL_ano_atual_ACUM.csv'...
✅ 35233 registos históricos lidos com sucesso.

⏳ Passo 3: A criar calendário e aplicar futuros...
   - A preparar futuros (diários, semanais, mensais, trimestrais)...
   - A fazer merge dos futuros...
   - A propagar futuros dentro dos períodos (fill)...
   - A juntar dados históricos reais...
   - A aplicar hierarquia de preços...
✅ Preços diários (reais e projetados) calculados.
   - A criar grelha quarto-horária futura...
✅ Estrutura ES criada com número correto de quartos-horários.

⏳ Passo 4: A converter para hora de Portugal...
✅ 35132 registos finais (em PT) preparados.

⏳ Passo 5: A preparar dados para o ficheiro 'Tarifarios_🔌_Eletricidade_Tiago_Felicia.xlsx'...
   - A ler a pauta de tempo da aba 'OMIE_PERDAS_CICLOS' para alinhamento...
   - A alinhar preços calculados com a pauta do Excel...
   - 35040 preços (2025/2026) alinhados e prontos a escrever.
   - A carregar 'Tarifarios_🔌_Eletricidade_Tiago_Felicia.xlsx' para escrita...
   - A escrever 35040 preços na Coluna 11 (K)...
✅ O ficheiro Excel foi atualizado com sucesso!
   Data_Valores_OMIE = 2025-11-24
   Data_Valores_OMIP = 2025-11-21
=== FASE 2 (TARIFÁRIOS) TERMINADA: Sun Nov 23 12:21:42 UTC 2025 ===
=== FASE 1 (MIBEL CSV) INICIADA: Sun Nov 23 12:50:35 UTC 2025 ===

🔵 🚀 A iniciar atualização MIBEL

🔵 [LIVE] A extrair dados ACUM + INDICADORES
       • [ACUM] A descarregar…
       • [ACUM] OK (35137 registos)
       • [ACUM] Intervalo temporal: 2024-11-22 → 2025-11-23
       • [INDICADORES] A descarregar…
       • [INDICADORES] OK, dia 2025-11-24 (96 registos)

🔵 [PLANO A] ACUM válido — usar como base
   - Última data na base: 2025-11-24
   - INDICADORES disponível para: 2025-11-24

🔵 [FINAL] A combinar e guardar
   - 💾 Backup criado.
   - ✅ Atualização concluída: 35233 registos
   - 🏁 FIM
=== FASE 1 (MIBEL CSV) TERMINADA: Sun Nov 23 12:50:38 UTC 2025 ===
=== FASE 2 (TARIFÁRIOS) IGNORADA (Sem Mudanças na Fase 1): Sun Nov 23 12:50:38 UTC 2025 ===
=== FASE 1 (MIBEL CSV) INICIADA: Mon Nov 24 11:45:28 UTC 2025 ===

🔵 🚀 A iniciar atualização MIBEL

🔵 [LIVE] A extrair dados ACUM + INDICADORES
       • [ACUM] A descarregar…
       • [ACUM] OK (35137 registos)
       • [ACUM] Intervalo temporal: 2024-11-23 → 2025-11-24
       • [INDICADORES] A descarregar…
       • [INDICADORES] OK, dia 2025-11-24 (96 registos)

🔵 [PLANO A] ACUM válido — usar como base
   - Última data na base: 2025-11-24
   - INDICADORES disponível para: 2025-11-24

🔵 [FINAL] A combinar e guardar
   - 💾 Backup criado.
   - ✅ Atualização concluída: 35137 registos
   - 🏁 FIM
=== FASE 1 (MIBEL CSV) TERMINADA: Mon Nov 24 11:45:31 UTC 2025 ===
=== FASE 2 (TARIFÁRIOS) INICIADA (Houve Mudanças): Mon Nov 24 11:45:32 UTC 2025 ===
/opt/hostedtoolcache/Python/3.11.14/x64/lib/python3.11/site-packages/openpyxl/styles/stylesheet.py:241: UserWarning: Workbook contains no default style, apply openpyxl's default
  warn("Workbook contains no default style, apply openpyxl's default")
/opt/hostedtoolcache/Python/3.11.14/x64/lib/python3.11/site-packages/openpyxl/styles/stylesheet.py:241: UserWarning: Workbook contains no default style, apply openpyxl's default
  warn("Workbook contains no default style, apply openpyxl's default")
✅ Bibliotecas carregadas
ℹ️ Fonte de dados: 'data/MIBEL_ano_atual_ACUM.csv'
⚠️ Dados OMIE e futuros

⏳ Passo 1: A extrair dados de futuros do ficheiro OMIPdaily.xlsx...
   - Data do relatório OMIP extraída: 2025-11-21
✅ Dados de futuros extraídos e processados.

⏳ Passo 2: A ler dados históricos do 'data/MIBEL_ano_atual_ACUM.csv'...
✅ 35137 registos históricos lidos com sucesso.

⏳ Passo 3: A criar calendário e aplicar futuros...
   - A preparar futuros (diários, semanais, mensais, trimestrais)...
   - A fazer merge dos futuros...
   - A propagar futuros dentro dos períodos (fill)...
   - A juntar dados históricos reais...
   - A aplicar hierarquia de preços...
✅ Preços diários (reais e projetados) calculados.
   - A criar grelha quarto-horária futura...
✅ Estrutura ES criada com número correto de quartos-horários.

⏳ Passo 4: A converter para hora de Portugal...
✅ 35132 registos finais (em PT) preparados.

⏳ Passo 5: A preparar dados para o ficheiro 'Tarifarios_🔌_Eletricidade_Tiago_Felicia.xlsx'...
   - A ler a pauta de tempo da aba 'OMIE_PERDAS_CICLOS' para alinhamento...
   - A alinhar preços calculados com a pauta do Excel...
   - 35040 preços (2025/2026) alinhados e prontos a escrever.
   - A carregar 'Tarifarios_🔌_Eletricidade_Tiago_Felicia.xlsx' para escrita...
   - A escrever 35040 preços na Coluna 11 (K)...
✅ O ficheiro Excel foi atualizado com sucesso!
   Data_Valores_OMIE = 2025-11-24
   Data_Valores_OMIP = 2025-11-21
=== FASE 2 (TARIFÁRIOS) TERMINADA: Mon Nov 24 11:46:00 UTC 2025 ===
=== FASE 1 (MIBEL CSV) INICIADA: Mon Nov 24 12:25:58 UTC 2025 ===

🔵 🚀 A iniciar atualização MIBEL

🔵 [LIVE] A extrair dados ACUM + INDICADORES
       • [ACUM] A descarregar…
       • [ACUM] OK (35137 registos)
       • [ACUM] Intervalo temporal: 2024-11-23 → 2025-11-24
       • [INDICADORES] A descarregar…
       • [INDICADORES] OK, dia 2025-11-25 (96 registos)

🔵 [PLANO A] ACUM válido — usar como base
   - Última data na base: 2025-11-25
   - INDICADORES disponível para: 2025-11-25

🔵 [FINAL] A combinar e guardar
   - 💾 Backup criado.
   - ✅ Atualização concluída: 35233 registos
   - 🏁 FIM
=== FASE 1 (MIBEL CSV) TERMINADA: Mon Nov 24 12:26:01 UTC 2025 ===
=== FASE 2 (TARIFÁRIOS) INICIADA (Houve Mudanças): Mon Nov 24 12:26:03 UTC 2025 ===
/opt/hostedtoolcache/Python/3.11.14/x64/lib/python3.11/site-packages/openpyxl/styles/stylesheet.py:241: UserWarning: Workbook contains no default style, apply openpyxl's default
  warn("Workbook contains no default style, apply openpyxl's default")
/opt/hostedtoolcache/Python/3.11.14/x64/lib/python3.11/site-packages/openpyxl/styles/stylesheet.py:241: UserWarning: Workbook contains no default style, apply openpyxl's default
  warn("Workbook contains no default style, apply openpyxl's default")
✅ Bibliotecas carregadas
ℹ️ Fonte de dados: 'data/MIBEL_ano_atual_ACUM.csv'
⚠️ Dados OMIE e futuros

⏳ Passo 1: A extrair dados de futuros do ficheiro OMIPdaily.xlsx...
   - Data do relatório OMIP extraída: 2025-11-21
✅ Dados de futuros extraídos e processados.

⏳ Passo 2: A ler dados históricos do 'data/MIBEL_ano_atual_ACUM.csv'...
✅ 35233 registos históricos lidos com sucesso.

⏳ Passo 3: A criar calendário e aplicar futuros...
   - A preparar futuros (diários, semanais, mensais, trimestrais)...
   - A fazer merge dos futuros...
   - A propagar futuros dentro dos períodos (fill)...
   - A juntar dados históricos reais...
   - A aplicar hierarquia de preços...
✅ Preços diários (reais e projetados) calculados.
   - A criar grelha quarto-horária futura...
✅ Estrutura ES criada com número correto de quartos-horários.

⏳ Passo 4: A converter para hora de Portugal...
✅ 35132 registos finais (em PT) preparados.

⏳ Passo 5: A preparar dados para o ficheiro 'Tarifarios_🔌_Eletricidade_Tiago_Felicia.xlsx'...
   - A ler a pauta de tempo da aba 'OMIE_PERDAS_CICLOS' para alinhamento...
   - A alinhar preços calculados com a pauta do Excel...
   - 35040 preços (2025/2026) alinhados e prontos a escrever.
   - A carregar 'Tarifarios_🔌_Eletricidade_Tiago_Felicia.xlsx' para escrita...
   - A escrever 35040 preços na Coluna 11 (K)...
✅ O ficheiro Excel foi atualizado com sucesso!
   Data_Valores_OMIE = 2025-11-25
   Data_Valores_OMIP = 2025-11-21
=== FASE 2 (TARIFÁRIOS) TERMINADA: Mon Nov 24 12:26:30 UTC 2025 ===
=== FASE 1 (MIBEL CSV) INICIADA: Mon Nov 24 13:00:58 UTC 2025 ===

🔵 🚀 A iniciar atualização MIBEL

🔵 [LIVE] A extrair dados ACUM + INDICADORES
       • [ACUM] A descarregar…
       • [ACUM] OK (35137 registos)
       • [ACUM] Intervalo temporal: 2024-11-23 → 2025-11-24
       • [INDICADORES] A descarregar…
       • [INDICADORES] OK, dia 2025-11-25 (96 registos)

🔵 [PLANO A] ACUM válido — usar como base
   - Última data na base: 2025-11-25
   - INDICADORES disponível para: 2025-11-25

🔵 [FINAL] A combinar e guardar
   - 💾 Backup criado.
   - ✅ Atualização concluída: 35233 registos
   - 🏁 FIM
=== FASE 1 (MIBEL CSV) TERMINADA: Mon Nov 24 13:01:00 UTC 2025 ===
=== FASE 2 (TARIFÁRIOS) IGNORADA (Sem Mudanças na Fase 1): Mon Nov 24 13:01:00 UTC 2025 ===
=== FASE 1 (MIBEL CSV) INICIADA: Mon Nov 24 18:14:03 UTC 2025 ===

🔵 🚀 A iniciar atualização MIBEL

🔵 [LIVE] A extrair dados ACUM + INDICADORES
       • [ACUM] A descarregar…
       • [ACUM] OK (35137 registos)
       • [ACUM] Intervalo temporal: 2024-11-24 → 2025-11-25
       • [INDICADORES] A descarregar…
       • [INDICADORES] OK, dia 2025-11-25 (96 registos)

🔵 [PLANO A] ACUM válido — usar como base
   - Última data na base: 2025-11-25
   - INDICADORES disponível para: 2025-11-25

🔵 [FINAL] A combinar e guardar
   - 💾 Backup criado.
   - ✅ Atualização concluída: 35137 registos
   - 🏁 FIM
=== FASE 1 (MIBEL CSV) TERMINADA: Mon Nov 24 18:14:05 UTC 2025 ===
=== FASE 2 (TARIFÁRIOS) INICIADA (Houve Mudanças): Mon Nov 24 18:14:07 UTC 2025 ===
/opt/hostedtoolcache/Python/3.11.14/x64/lib/python3.11/site-packages/openpyxl/styles/stylesheet.py:241: UserWarning: Workbook contains no default style, apply openpyxl's default
  warn("Workbook contains no default style, apply openpyxl's default")
/opt/hostedtoolcache/Python/3.11.14/x64/lib/python3.11/site-packages/openpyxl/styles/stylesheet.py:241: UserWarning: Workbook contains no default style, apply openpyxl's default
  warn("Workbook contains no default style, apply openpyxl's default")
✅ Bibliotecas carregadas
ℹ️ Fonte de dados: 'data/MIBEL_ano_atual_ACUM.csv'
⚠️ Dados OMIE e futuros

⏳ Passo 1: A extrair dados de futuros do ficheiro OMIPdaily.xlsx...
   - Data do relatório OMIP extraída: 2025-11-24
✅ Dados de futuros extraídos e processados.

⏳ Passo 2: A ler dados históricos do 'data/MIBEL_ano_atual_ACUM.csv'...
✅ 35137 registos históricos lidos com sucesso.

⏳ Passo 3: A criar calendário e aplicar futuros...
   - A preparar futuros (diários, semanais, mensais, trimestrais)...
   - A fazer merge dos futuros...
   - A propagar futuros dentro dos períodos (fill)...
   - A juntar dados históricos reais...
   - A aplicar hierarquia de preços...
✅ Preços diários (reais e projetados) calculados.
   - A criar grelha quarto-horária futura...
✅ Estrutura ES criada com número correto de quartos-horários.

⏳ Passo 4: A converter para hora de Portugal...
✅ 35132 registos finais (em PT) preparados.

⏳ Passo 5: A preparar dados para o ficheiro 'Tarifarios_🔌_Eletricidade_Tiago_Felicia.xlsx'...
   - A ler a pauta de tempo da aba 'OMIE_PERDAS_CICLOS' para alinhamento...
   - A alinhar preços calculados com a pauta do Excel...
   - 35040 preços (2025/2026) alinhados e prontos a escrever.
   - A carregar 'Tarifarios_🔌_Eletricidade_Tiago_Felicia.xlsx' para escrita...
   - A escrever 35040 preços na Coluna 11 (K)...
✅ O ficheiro Excel foi atualizado com sucesso!
   Data_Valores_OMIE = 2025-11-25
   Data_Valores_OMIP = 2025-11-24
=== FASE 2 (TARIFÁRIOS) TERMINADA: Mon Nov 24 18:14:34 UTC 2025 ===
=== FASE 1 (MIBEL CSV) INICIADA: Mon Nov 24 18:45:32 UTC 2025 ===

🔵 🚀 A iniciar atualização MIBEL

🔵 [LIVE] A extrair dados ACUM + INDICADORES
       • [ACUM] A descarregar…
       • [ACUM] OK (35137 registos)
       • [ACUM] Intervalo temporal: 2024-11-24 → 2025-11-25
       • [INDICADORES] A descarregar…
       • [INDICADORES] OK, dia 2025-11-25 (96 registos)

🔵 [PLANO A] ACUM válido — usar como base
   - Última data na base: 2025-11-25
   - INDICADORES disponível para: 2025-11-25

🔵 [FINAL] A combinar e guardar
   - 💾 Backup criado.
   - ✅ Atualização concluída: 35137 registos
   - 🏁 FIM
=== FASE 1 (MIBEL CSV) TERMINADA: Mon Nov 24 18:45:34 UTC 2025 ===
=== FASE 2 (TARIFÁRIOS) IGNORADA (Sem Mudanças na Fase 1): Mon Nov 24 18:45:34 UTC 2025 ===
=== FASE 1 (MIBEL CSV) INICIADA: Mon Nov 24 18:51:55 UTC 2025 ===

🔵 🚀 A iniciar atualização MIBEL

🔵 [LIVE] A extrair dados ACUM + INDICADORES
       • [ACUM] A descarregar…
       • [ACUM] OK (35137 registos)
       • [ACUM] Intervalo temporal: 2024-11-24 → 2025-11-25
       • [INDICADORES] A descarregar…
       • [INDICADORES] OK, dia 2025-11-25 (96 registos)

🔵 [PLANO A] ACUM válido — usar como base
   - Última data na base: 2025-11-25
   - INDICADORES disponível para: 2025-11-25

🔵 [FINAL] A combinar e guardar
   - 💾 Backup criado.
   - ✅ Atualização concluída: 35137 registos
   - 🏁 FIM
=== FASE 1 (MIBEL CSV) TERMINADA: Mon Nov 24 18:51:57 UTC 2025 ===
=== FASE 2 (TARIFÁRIOS) IGNORADA (Sem Mudanças na Fase 1): Mon Nov 24 18:51:57 UTC 2025 ===
=== FASE 1 (MIBEL CSV) INICIADA: Tue Nov 25 11:45:22 UTC 2025 ===

🔵 🚀 A iniciar atualização MIBEL

🔵 [LIVE] A extrair dados ACUM + INDICADORES
       • [ACUM] A descarregar…
       • [ACUM] OK (35137 registos)
       • [ACUM] Intervalo temporal: 2024-11-24 → 2025-11-25
       • [INDICADORES] A descarregar…
       • [INDICADORES] OK, dia 2025-11-25 (96 registos)

🔵 [PLANO A] ACUM válido — usar como base
   - Última data na base: 2025-11-25
   - INDICADORES disponível para: 2025-11-25

🔵 [FINAL] A combinar e guardar
   - 💾 Backup criado.
   - ✅ Atualização concluída: 35137 registos
   - 🏁 FIM
=== FASE 1 (MIBEL CSV) TERMINADA: Tue Nov 25 11:45:25 UTC 2025 ===
=== FASE 2 (TARIFÁRIOS) IGNORADA (Sem Mudanças na Fase 1): Tue Nov 25 11:45:25 UTC 2025 ===
=== FASE 1 (MIBEL CSV) INICIADA: Tue Nov 25 12:26:51 UTC 2025 ===

🔵 🚀 A iniciar atualização MIBEL

🔵 [LIVE] A extrair dados ACUM + INDICADORES
       • [ACUM] A descarregar…
       • [ACUM] OK (35137 registos)
       • [ACUM] Intervalo temporal: 2024-11-24 → 2025-11-25
       • [INDICADORES] A descarregar…
       • [INDICADORES] OK, dia 2025-11-26 (96 registos)

🔵 [PLANO A] ACUM válido — usar como base
   - Última data na base: 2025-11-26
   - INDICADORES disponível para: 2025-11-26

🔵 [FINAL] A combinar e guardar
   - 💾 Backup criado.
   - ✅ Atualização concluída: 35233 registos
   - 🏁 FIM
=== FASE 1 (MIBEL CSV) TERMINADA: Tue Nov 25 12:26:53 UTC 2025 ===
=== FASE 2 (TARIFÁRIOS) INICIADA (Houve Mudanças): Tue Nov 25 12:26:55 UTC 2025 ===
/opt/hostedtoolcache/Python/3.11.14/x64/lib/python3.11/site-packages/openpyxl/styles/stylesheet.py:241: UserWarning: Workbook contains no default style, apply openpyxl's default
  warn("Workbook contains no default style, apply openpyxl's default")
/opt/hostedtoolcache/Python/3.11.14/x64/lib/python3.11/site-packages/openpyxl/styles/stylesheet.py:241: UserWarning: Workbook contains no default style, apply openpyxl's default
  warn("Workbook contains no default style, apply openpyxl's default")
✅ Bibliotecas carregadas
ℹ️ Fonte de dados: 'data/MIBEL_ano_atual_ACUM.csv'
⚠️ Dados OMIE e futuros

⏳ Passo 1: A extrair dados de futuros do ficheiro OMIPdaily.xlsx...
   - Data do relatório OMIP extraída: 2025-11-24
✅ Dados de futuros extraídos e processados.

⏳ Passo 2: A ler dados históricos do 'data/MIBEL_ano_atual_ACUM.csv'...
✅ 35233 registos históricos lidos com sucesso.

⏳ Passo 3: A criar calendário e aplicar futuros...
   - A preparar futuros (diários, semanais, mensais, trimestrais)...
   - A fazer merge dos futuros...
   - A propagar futuros dentro dos períodos (fill)...
   - A juntar dados históricos reais...
   - A aplicar hierarquia de preços...
✅ Preços diários (reais e projetados) calculados.
   - A criar grelha quarto-horária futura...
✅ Estrutura ES criada com número correto de quartos-horários.

⏳ Passo 4: A converter para hora de Portugal...
✅ 35132 registos finais (em PT) preparados.

⏳ Passo 5: A preparar dados para o ficheiro 'Tarifarios_🔌_Eletricidade_Tiago_Felicia.xlsx'...
   - A ler a pauta de tempo da aba 'OMIE_PERDAS_CICLOS' para alinhamento...
   - A alinhar preços calculados com a pauta do Excel...
   - 35040 preços (2025/2026) alinhados e prontos a escrever.
   - A carregar 'Tarifarios_🔌_Eletricidade_Tiago_Felicia.xlsx' para escrita...
   - A escrever 35040 preços na Coluna 11 (K)...
✅ O ficheiro Excel foi atualizado com sucesso!
   Data_Valores_OMIE = 2025-11-26
   Data_Valores_OMIP = 2025-11-24
=== FASE 2 (TARIFÁRIOS) TERMINADA: Tue Nov 25 12:27:22 UTC 2025 ===
=== FASE 1 (MIBEL CSV) INICIADA: Tue Nov 25 13:00:29 UTC 2025 ===

🔵 🚀 A iniciar atualização MIBEL

🔵 [LIVE] A extrair dados ACUM + INDICADORES
       • [ACUM] A descarregar…
       • [ACUM] OK (35137 registos)
       • [ACUM] Intervalo temporal: 2024-11-24 → 2025-11-25
       • [INDICADORES] A descarregar…
       • [INDICADORES] OK, dia 2025-11-26 (96 registos)

🔵 [PLANO A] ACUM válido — usar como base
   - Última data na base: 2025-11-26
   - INDICADORES disponível para: 2025-11-26

🔵 [FINAL] A combinar e guardar
   - 💾 Backup criado.
   - ✅ Atualização concluída: 35233 registos
   - 🏁 FIM
=== FASE 1 (MIBEL CSV) TERMINADA: Tue Nov 25 13:00:31 UTC 2025 ===
=== FASE 2 (TARIFÁRIOS) IGNORADA (Sem Mudanças na Fase 1): Tue Nov 25 13:00:32 UTC 2025 ===
=== FASE 1 (MIBEL CSV) INICIADA: Tue Nov 25 18:14:00 UTC 2025 ===

🔵 🚀 A iniciar atualização MIBEL

🔵 [LIVE] A extrair dados ACUM + INDICADORES
       • [ACUM] A descarregar…
       • [ACUM] OK (35137 registos)
       • [ACUM] Intervalo temporal: 2024-11-25 → 2025-11-26
       • [INDICADORES] A descarregar…
       • [INDICADORES] OK, dia 2025-11-26 (96 registos)

🔵 [PLANO A] ACUM válido — usar como base
   - Última data na base: 2025-11-26
   - INDICADORES disponível para: 2025-11-26

🔵 [FINAL] A combinar e guardar
   - 💾 Backup criado.
   - ✅ Atualização concluída: 35137 registos
   - 🏁 FIM
=== FASE 1 (MIBEL CSV) TERMINADA: Tue Nov 25 18:14:02 UTC 2025 ===
=== FASE 2 (TARIFÁRIOS) INICIADA (Houve Mudanças): Tue Nov 25 18:14:04 UTC 2025 ===
/opt/hostedtoolcache/Python/3.11.14/x64/lib/python3.11/site-packages/openpyxl/styles/stylesheet.py:241: UserWarning: Workbook contains no default style, apply openpyxl's default
  warn("Workbook contains no default style, apply openpyxl's default")
/opt/hostedtoolcache/Python/3.11.14/x64/lib/python3.11/site-packages/openpyxl/styles/stylesheet.py:241: UserWarning: Workbook contains no default style, apply openpyxl's default
  warn("Workbook contains no default style, apply openpyxl's default")
✅ Bibliotecas carregadas
ℹ️ Fonte de dados: 'data/MIBEL_ano_atual_ACUM.csv'
⚠️ Dados OMIE e futuros

⏳ Passo 1: A extrair dados de futuros do ficheiro OMIPdaily.xlsx...
   - Data do relatório OMIP extraída: 2025-11-25
✅ Dados de futuros extraídos e processados.

⏳ Passo 2: A ler dados históricos do 'data/MIBEL_ano_atual_ACUM.csv'...
✅ 35137 registos históricos lidos com sucesso.

⏳ Passo 3: A criar calendário e aplicar futuros...
   - A preparar futuros (diários, semanais, mensais, trimestrais)...
   - A fazer merge dos futuros...
   - A propagar futuros dentro dos períodos (fill)...
   - A juntar dados históricos reais...
   - A aplicar hierarquia de preços...
✅ Preços diários (reais e projetados) calculados.
   - A criar grelha quarto-horária futura...
✅ Estrutura ES criada com número correto de quartos-horários.

⏳ Passo 4: A converter para hora de Portugal...
✅ 35132 registos finais (em PT) preparados.

⏳ Passo 5: A preparar dados para o ficheiro 'Tarifarios_🔌_Eletricidade_Tiago_Felicia.xlsx'...
   - A ler a pauta de tempo da aba 'OMIE_PERDAS_CICLOS' para alinhamento...
   - A alinhar preços calculados com a pauta do Excel...
   - 35040 preços (2025/2026) alinhados e prontos a escrever.
   - A carregar 'Tarifarios_🔌_Eletricidade_Tiago_Felicia.xlsx' para escrita...
   - A escrever 35040 preços na Coluna 11 (K)...
✅ O ficheiro Excel foi atualizado com sucesso!
   Data_Valores_OMIE = 2025-11-26
   Data_Valores_OMIP = 2025-11-25
=== FASE 2 (TARIFÁRIOS) TERMINADA: Tue Nov 25 18:14:31 UTC 2025 ===
=== FASE 1 (MIBEL CSV) INICIADA: Tue Nov 25 18:44:53 UTC 2025 ===

🔵 🚀 A iniciar atualização MIBEL

🔵 [LIVE] A extrair dados ACUM + INDICADORES
       • [ACUM] A descarregar…
       • [ACUM] OK (35137 registos)
       • [ACUM] Intervalo temporal: 2024-11-25 → 2025-11-26
       • [INDICADORES] A descarregar…
       • [INDICADORES] OK, dia 2025-11-26 (96 registos)

🔵 [PLANO A] ACUM válido — usar como base
   - Última data na base: 2025-11-26
   - INDICADORES disponível para: 2025-11-26

🔵 [FINAL] A combinar e guardar
   - 💾 Backup criado.
   - ✅ Atualização concluída: 35137 registos
   - 🏁 FIM
=== FASE 1 (MIBEL CSV) TERMINADA: Tue Nov 25 18:44:55 UTC 2025 ===
=== FASE 2 (TARIFÁRIOS) IGNORADA (Sem Mudanças na Fase 1): Tue Nov 25 18:44:56 UTC 2025 ===
=== FASE 1 (MIBEL CSV) INICIADA: Tue Nov 25 18:50:14 UTC 2025 ===

🔵 🚀 A iniciar atualização MIBEL

🔵 [LIVE] A extrair dados ACUM + INDICADORES
       • [ACUM] A descarregar…
       • [ACUM] OK (35137 registos)
       • [ACUM] Intervalo temporal: 2024-11-25 → 2025-11-26
       • [INDICADORES] A descarregar…
       • [INDICADORES] OK, dia 2025-11-26 (96 registos)

🔵 [PLANO A] ACUM válido — usar como base
   - Última data na base: 2025-11-26
   - INDICADORES disponível para: 2025-11-26

🔵 [FINAL] A combinar e guardar
   - 💾 Backup criado.
   - ✅ Atualização concluída: 35137 registos
   - 🏁 FIM
=== FASE 1 (MIBEL CSV) TERMINADA: Tue Nov 25 18:50:17 UTC 2025 ===
=== FASE 2 (TARIFÁRIOS) IGNORADA (Sem Mudanças na Fase 1): Tue Nov 25 18:50:17 UTC 2025 ===
